Sep-28 23:04:28.826 [main] DEBUG nextflow.cli.Launcher - $> nextflow -log data_selection_raw.log -bg run main.nf
Sep-28 23:04:29.012 [main] INFO  nextflow.cli.CmdRun - N E X T F L O W  ~  version 24.04.4
Sep-28 23:04:29.041 [main] DEBUG nextflow.plugin.PluginsFacade - Setting up plugin manager > mode=prod; embedded=false; plugins-dir=/home/ymartins/.nextflow/plugins; core-plugins: nf-amazon@2.5.3,nf-azure@1.6.1,nf-cloudcache@0.4.1,nf-codecommit@0.2.1,nf-console@1.1.3,nf-ga4gh@1.3.0,nf-google@1.13.2-patch1,nf-tower@1.9.1,nf-wave@1.4.2-patch1
Sep-28 23:04:29.062 [main] INFO  o.pf4j.DefaultPluginStatusProvider - Enabled plugins: []
Sep-28 23:04:29.064 [main] INFO  o.pf4j.DefaultPluginStatusProvider - Disabled plugins: []
Sep-28 23:04:29.069 [main] INFO  org.pf4j.DefaultPluginManager - PF4J version 3.12.0 in 'deployment' mode
Sep-28 23:04:29.092 [main] INFO  org.pf4j.AbstractPluginManager - No plugins
Sep-28 23:04:29.132 [main] DEBUG nextflow.config.ConfigBuilder - Found config local: /aloy/home/ymartins/paprec_2024_revision/paprec_nx_workflow/nextflow.config
Sep-28 23:04:29.138 [main] DEBUG nextflow.config.ConfigBuilder - Parsing config file: /aloy/home/ymartins/paprec_2024_revision/paprec_nx_workflow/nextflow.config
Sep-28 23:04:29.191 [main] DEBUG n.secret.LocalSecretsProvider - Secrets store: /home/ymartins/.nextflow/secrets/store.json
Sep-28 23:04:29.196 [main] DEBUG nextflow.secret.SecretsLoader - Discovered secrets providers: [nextflow.secret.LocalSecretsProvider@213deac2] - activable => nextflow.secret.LocalSecretsProvider@213deac2
Sep-28 23:04:29.204 [main] DEBUG nextflow.config.ConfigBuilder - Applying config profile: `standard`
Sep-28 23:04:29.855 [main] DEBUG nextflow.cli.CmdRun - Applied DSL=2 from script declaration
Sep-28 23:04:29.878 [main] INFO  nextflow.cli.CmdRun - Launching `main.nf` [gloomy_meucci] DSL2 - revision: e91e866b0e
Sep-28 23:04:29.880 [main] DEBUG nextflow.plugin.PluginsFacade - Plugins default=[]
Sep-28 23:04:29.880 [main] DEBUG nextflow.plugin.PluginsFacade - Plugins resolved requirement=[]
Sep-28 23:04:29.963 [main] DEBUG nextflow.Session - Session UUID: 3512e35b-9026-4b02-9eb8-59c8e6cf2a28
Sep-28 23:04:29.964 [main] DEBUG nextflow.Session - Run name: gloomy_meucci
Sep-28 23:04:29.965 [main] DEBUG nextflow.Session - Executor pool size: 8
Sep-28 23:04:29.979 [main] DEBUG nextflow.file.FilePorter - File porter settings maxRetries=3; maxTransfers=50; pollTimeout=null
Sep-28 23:04:29.990 [main] DEBUG nextflow.util.ThreadPoolBuilder - Creating thread pool 'FileTransfer' minSize=10; maxSize=24; workQueue=LinkedBlockingQueue[10000]; allowCoreThreadTimeout=false
Sep-28 23:04:30.032 [main] DEBUG nextflow.cli.CmdRun - 
  Version: 24.04.4 build 5917
  Created: 01-08-2024 07:05 UTC (09:05 CEST)
  System: Linux 5.15.0-119-generic
  Runtime: Groovy 4.0.21 on OpenJDK 64-Bit Server VM 17.0.10+7
  Encoding: UTF-8 (UTF-8)
  Process: 1903143@murakami [127.0.0.1]
  CPUs: 8 - Mem: 15.5 GB (726.4 MB) - Swap: 16 GB (2.7 GB)
Sep-28 23:04:30.092 [main] DEBUG nextflow.Session - Work-dir: /aloy/home/ymartins/paprec_2024_revision/paprec_nx_workflow/work [nfs]
Sep-28 23:04:30.093 [main] DEBUG nextflow.Session - Script base path does not exist or is not a directory: /aloy/home/ymartins/paprec_2024_revision/paprec_nx_workflow/bin
Sep-28 23:04:30.107 [main] DEBUG nextflow.executor.ExecutorFactory - Extension executors providers=[]
Sep-28 23:04:30.122 [main] DEBUG nextflow.Session - Observer factory: DefaultObserverFactory
Sep-28 23:04:30.163 [main] DEBUG nextflow.cache.CacheFactory - Using Nextflow cache factory: nextflow.cache.DefaultCacheFactory
Sep-28 23:04:30.180 [main] DEBUG nextflow.util.CustomThreadPool - Creating default thread pool > poolSize: 9; maxThreads: 1000
Sep-28 23:04:30.280 [main] DEBUG nextflow.Session - Session start
Sep-28 23:04:30.646 [main] DEBUG nextflow.script.ScriptRunner - > Launching execution
Sep-28 23:04:31.150 [main] INFO  nextflow.Nextflow -  P A P R E C  -  P I P E L I N E
 ===================================
 dataDir       : /aloy/home/ymartins/paprec_2024_revision/paprec_data
 runningConfig : /aloy/home/ymartins/paprec_2024_revision/paprec_nx_workflow/running_config.json
 mode          : test 
 execution_step: 1 
 
Sep-28 23:04:31.191 [main] DEBUG nextflow.executor.ExecutorFactory - << taskConfig executor: local
Sep-28 23:04:31.192 [main] DEBUG nextflow.executor.ExecutorFactory - >> processorType: 'local'
Sep-28 23:04:31.198 [main] DEBUG nextflow.executor.Executor - [warm up] executor > local
Sep-28 23:04:31.205 [main] DEBUG n.processor.LocalPollingMonitor - Creating local task monitor for executor 'local' > cpus=8; memory=15.5 GB; capacity=8; pollInterval=100ms; dumpInterval=5m
Sep-28 23:04:31.208 [main] DEBUG n.processor.TaskPollingMonitor - >>> barrier register (monitor: local)
Sep-28 23:04:31.344 [main] DEBUG nextflow.executor.ExecutorFactory - << taskConfig executor: local
Sep-28 23:04:31.344 [main] DEBUG nextflow.executor.ExecutorFactory - >> processorType: 'local'
Sep-28 23:04:31.383 [main] DEBUG nextflow.executor.ExecutorFactory - << taskConfig executor: local
Sep-28 23:04:31.383 [main] DEBUG nextflow.executor.ExecutorFactory - >> processorType: 'local'
Sep-28 23:04:31.386 [main] DEBUG nextflow.processor.TaskProcessor - Creating *combiner* operator for each param(s) at index(es): [2]
Sep-28 23:04:31.426 [main] DEBUG nextflow.executor.ExecutorFactory - << taskConfig executor: local
Sep-28 23:04:31.427 [main] DEBUG nextflow.executor.ExecutorFactory - >> processorType: 'local'
Sep-28 23:04:31.428 [main] DEBUG nextflow.processor.TaskProcessor - Creating *combiner* operator for each param(s) at index(es): [2]
Sep-28 23:04:31.439 [main] DEBUG nextflow.executor.ExecutorFactory - << taskConfig executor: local
Sep-28 23:04:31.439 [main] DEBUG nextflow.executor.ExecutorFactory - >> processorType: 'local'
Sep-28 23:04:31.441 [main] DEBUG nextflow.processor.TaskProcessor - Creating *combiner* operator for each param(s) at index(es): [2]
Sep-28 23:04:31.451 [main] DEBUG nextflow.executor.ExecutorFactory - << taskConfig executor: local
Sep-28 23:04:31.451 [main] DEBUG nextflow.executor.ExecutorFactory - >> processorType: 'local'
Sep-28 23:04:31.453 [main] DEBUG nextflow.processor.TaskProcessor - Creating *combiner* operator for each param(s) at index(es): [2]
Sep-28 23:04:31.463 [main] DEBUG nextflow.executor.ExecutorFactory - << taskConfig executor: local
Sep-28 23:04:31.463 [main] DEBUG nextflow.executor.ExecutorFactory - >> processorType: 'local'
Sep-28 23:04:31.465 [main] DEBUG nextflow.processor.TaskProcessor - Creating *combiner* operator for each param(s) at index(es): [2]
Sep-28 23:04:31.476 [main] DEBUG nextflow.executor.ExecutorFactory - << taskConfig executor: local
Sep-28 23:04:31.476 [main] DEBUG nextflow.executor.ExecutorFactory - >> processorType: 'local'
Sep-28 23:04:31.478 [main] DEBUG nextflow.processor.TaskProcessor - Creating *combiner* operator for each param(s) at index(es): [2]
Sep-28 23:04:31.487 [main] DEBUG nextflow.executor.ExecutorFactory - << taskConfig executor: local
Sep-28 23:04:31.488 [main] DEBUG nextflow.executor.ExecutorFactory - >> processorType: 'local'
Sep-28 23:04:31.489 [main] DEBUG nextflow.processor.TaskProcessor - Creating *combiner* operator for each param(s) at index(es): [2]
Sep-28 23:04:31.495 [main] DEBUG nextflow.Session - Workflow process names [dsl2]: DataSelection_STEP:PROCESS_ParsePredictionResults, DataSelection_STEP:PROCESS_SplitPreProcessTasks, DataSelection_STEP:PROCESS_FilterAllelePromiscuity, PROCESS_FilterOverlappingHumanProteome, PROCESS_PrepareFinalFiles, setEnvironment, PROCESS_Prediction, PROCESS_FeatureSelectionGeneralModel, DataSelection_STEP:PROCESS_FilterRank, PROCESS_ParsePredictionResults, PROCESS_SplitTasks, DataSelection_STEP:PROCESS_FilterOverlappingViolinet, DataSelection_STEP:PROCESS_FilterOverlappingHumanProteome, DataSelection_STEP:PROCESS_FilterOverlappingIedbEpitope, DataSelection_STEP:PROCESS_PrepareFinalFiles, PROCESS_FilterOverlappingViolinet, PROCESS_EvaluationPipelineRanking, PROCESS_SplitPreProcessTasks, PROCESS_FilterOverlappingIedbEpitope, PROCESS_FilterRank, PROCESS_TransformDatasets, PROCESS_FilterAllelePromiscuity, PROCESS_Comparison
Sep-28 23:04:31.495 [main] DEBUG nextflow.Session - Igniting dataflow network (16)
Sep-28 23:04:31.496 [main] DEBUG nextflow.processor.TaskProcessor - Starting process > setEnvironment
Sep-28 23:04:31.497 [main] DEBUG nextflow.processor.TaskProcessor - Starting process > DataSelection_STEP:PROCESS_SplitPreProcessTasks
Sep-28 23:04:31.497 [main] DEBUG nextflow.processor.TaskProcessor - Starting process > DataSelection_STEP:PROCESS_ParsePredictionResults
Sep-28 23:04:31.497 [main] DEBUG nextflow.processor.TaskProcessor - Starting process > DataSelection_STEP:PROCESS_ParsePredictionResults
Sep-28 23:04:31.498 [main] DEBUG nextflow.processor.TaskProcessor - Starting process > DataSelection_STEP:PROCESS_FilterRank
Sep-28 23:04:31.498 [main] DEBUG nextflow.processor.TaskProcessor - Starting process > DataSelection_STEP:PROCESS_FilterRank
Sep-28 23:04:31.498 [main] DEBUG nextflow.processor.TaskProcessor - Starting process > DataSelection_STEP:PROCESS_FilterAllelePromiscuity
Sep-28 23:04:31.499 [main] DEBUG nextflow.processor.TaskProcessor - Starting process > DataSelection_STEP:PROCESS_FilterAllelePromiscuity
Sep-28 23:04:31.499 [main] DEBUG nextflow.processor.TaskProcessor - Starting process > DataSelection_STEP:PROCESS_FilterOverlappingViolinet
Sep-28 23:04:31.499 [main] DEBUG nextflow.processor.TaskProcessor - Starting process > DataSelection_STEP:PROCESS_FilterOverlappingViolinet
Sep-28 23:04:31.499 [main] DEBUG nextflow.processor.TaskProcessor - Starting process > DataSelection_STEP:PROCESS_FilterOverlappingIedbEpitope
Sep-28 23:04:31.499 [main] DEBUG nextflow.processor.TaskProcessor - Starting process > DataSelection_STEP:PROCESS_FilterOverlappingIedbEpitope
Sep-28 23:04:31.499 [main] DEBUG nextflow.processor.TaskProcessor - Starting process > DataSelection_STEP:PROCESS_FilterOverlappingHumanProteome
Sep-28 23:04:31.500 [main] DEBUG nextflow.processor.TaskProcessor - Starting process > DataSelection_STEP:PROCESS_FilterOverlappingHumanProteome
Sep-28 23:04:31.500 [main] DEBUG nextflow.processor.TaskProcessor - Starting process > DataSelection_STEP:PROCESS_PrepareFinalFiles
Sep-28 23:04:31.500 [main] DEBUG nextflow.processor.TaskProcessor - Starting process > DataSelection_STEP:PROCESS_PrepareFinalFiles
Sep-28 23:04:31.501 [main] DEBUG nextflow.script.ScriptRunner - Parsed script files:
  Script_f9a4685df18d381d: /aloy/home/ymartins/paprec_2024_revision/paprec_nx_workflow/main.nf
  Script_b4d3b2ec4015e049: /aloy/home/ymartins/paprec_2024_revision/paprec_nx_workflow/./modules/prediction/main.nf
  Script_358297ab33fc2070: /aloy/home/ymartins/paprec_2024_revision/paprec_nx_workflow/./modules/data_preprocessing/main.nf
  Script_85452f09746e8ea8: /aloy/home/ymartins/paprec_2024_revision/paprec_nx_workflow/./modules/feature_extraction_methods/main.nf
  Script_9d167622febcc9f0: /aloy/home/ymartins/paprec_2024_revision/paprec_nx_workflow/./modules/evaluation/main.nf
Sep-28 23:04:31.502 [main] DEBUG nextflow.script.ScriptRunner - > Awaiting termination 
Sep-28 23:04:31.502 [main] DEBUG nextflow.Session - Session await
Sep-28 23:04:31.687 [Task submitter] DEBUG n.executor.local.LocalTaskHandler - Launch cmd line: /bin/bash -ue .command.run
Sep-28 23:04:31.691 [Task submitter] INFO  nextflow.Session - [84/a32b89] Submitted process > DataSelection_STEP:PROCESS_SplitPreProcessTasks
Sep-28 23:04:35.154 [Task monitor] DEBUG n.processor.TaskPollingMonitor - Task completed > TaskHandler[id: 1; name: DataSelection_STEP:PROCESS_SplitPreProcessTasks; status: COMPLETED; exit: 0; error: -; workDir: /aloy/home/ymartins/paprec_2024_revision/paprec_nx_workflow/work/84/a32b89c6578aa1292734851f3bfacc]
Sep-28 23:04:35.156 [Task monitor] DEBUG nextflow.util.ThreadPoolBuilder - Creating thread pool 'TaskFinalizer' minSize=10; maxSize=24; workQueue=LinkedBlockingQueue[10000]; allowCoreThreadTimeout=false
Sep-28 23:04:35.165 [Task submitter] DEBUG n.executor.local.LocalTaskHandler - Launch cmd line: /bin/bash -ue .command.run
Sep-28 23:04:35.165 [Task submitter] INFO  nextflow.Session - [73/792101] Submitted process > setEnvironment
Sep-28 23:04:35.181 [Task monitor] DEBUG n.processor.TaskPollingMonitor - Task completed > TaskHandler[id: 2; name: setEnvironment; status: COMPLETED; exit: 0; error: -; workDir: /aloy/home/ymartins/paprec_2024_revision/paprec_nx_workflow/work/73/792101e9ab27baf958a141519e3605]
Sep-28 23:04:35.499 [Task submitter] DEBUG n.executor.local.LocalTaskHandler - Launch cmd line: /bin/bash -ue .command.run
Sep-28 23:04:35.499 [Task submitter] INFO  nextflow.Session - [fa/63112c] Submitted process > DataSelection_STEP:PROCESS_ParsePredictionResults (1)
Sep-28 23:09:31.378 [Task monitor] DEBUG n.processor.TaskPollingMonitor - !! executor local > tasks to be completed: 1 -- submitted tasks are shown below
~> TaskHandler[id: 3; name: DataSelection_STEP:PROCESS_ParsePredictionResults (1); status: RUNNING; exit: -; error: -; workDir: /aloy/home/ymartins/paprec_2024_revision/paprec_nx_workflow/work/fa/63112c91ff4208589aa71926aa6a9e]
Sep-28 23:09:32.587 [Task submitter] DEBUG n.processor.TaskPollingMonitor - %% executor local > tasks in the submission queue: 1 -- tasks to be submitted are shown below
~> TaskHandler[id: 4; name: DataSelection_STEP:PROCESS_ParsePredictionResults (2); status: NEW; exit: -; error: -; workDir: /aloy/home/ymartins/paprec_2024_revision/paprec_nx_workflow/work/fe/ea031ca9f73fd67efca3ca611cbdb8]
Sep-28 23:14:31.425 [Task monitor] DEBUG n.processor.TaskPollingMonitor - !! executor local > tasks to be completed: 1 -- submitted tasks are shown below
~> TaskHandler[id: 3; name: DataSelection_STEP:PROCESS_ParsePredictionResults (1); status: RUNNING; exit: -; error: -; workDir: /aloy/home/ymartins/paprec_2024_revision/paprec_nx_workflow/work/fa/63112c91ff4208589aa71926aa6a9e]
Sep-28 23:14:32.641 [Task submitter] DEBUG n.processor.TaskPollingMonitor - %% executor local > tasks in the submission queue: 1 -- tasks to be submitted are shown below
~> TaskHandler[id: 4; name: DataSelection_STEP:PROCESS_ParsePredictionResults (2); status: NEW; exit: -; error: -; workDir: /aloy/home/ymartins/paprec_2024_revision/paprec_nx_workflow/work/fe/ea031ca9f73fd67efca3ca611cbdb8]
Sep-28 23:15:07.596 [Task monitor] DEBUG n.processor.TaskPollingMonitor - Task completed > TaskHandler[id: 3; name: DataSelection_STEP:PROCESS_ParsePredictionResults (1); status: COMPLETED; exit: 0; error: -; workDir: /aloy/home/ymartins/paprec_2024_revision/paprec_nx_workflow/work/fa/63112c91ff4208589aa71926aa6a9e]
Sep-28 23:15:07.607 [Task submitter] DEBUG n.executor.local.LocalTaskHandler - Launch cmd line: /bin/bash -ue .command.run
Sep-28 23:15:07.607 [Task submitter] INFO  nextflow.Session - [fe/ea031c] Submitted process > DataSelection_STEP:PROCESS_ParsePredictionResults (2)
Sep-28 23:19:31.460 [Task monitor] DEBUG n.processor.TaskPollingMonitor - !! executor local > tasks to be completed: 1 -- submitted tasks are shown below
~> TaskHandler[id: 4; name: DataSelection_STEP:PROCESS_ParsePredictionResults (2); status: RUNNING; exit: -; error: -; workDir: /aloy/home/ymartins/paprec_2024_revision/paprec_nx_workflow/work/fe/ea031ca9f73fd67efca3ca611cbdb8]
Sep-28 23:20:26.063 [Task monitor] DEBUG n.processor.TaskPollingMonitor - Task completed > TaskHandler[id: 4; name: DataSelection_STEP:PROCESS_ParsePredictionResults (2); status: COMPLETED; exit: 0; error: -; workDir: /aloy/home/ymartins/paprec_2024_revision/paprec_nx_workflow/work/fe/ea031ca9f73fd67efca3ca611cbdb8]
Sep-28 23:20:26.104 [Task submitter] DEBUG n.executor.local.LocalTaskHandler - Launch cmd line: /bin/bash -ue .command.run
Sep-28 23:20:26.105 [Task submitter] INFO  nextflow.Session - [10/0c5517] Submitted process > DataSelection_STEP:PROCESS_FilterRank (1)
Sep-28 23:20:26.107 [Task submitter] DEBUG n.processor.TaskPollingMonitor - %% executor local > tasks in the submission queue: 1 -- tasks to be submitted are shown below
~> TaskHandler[id: 6; name: DataSelection_STEP:PROCESS_FilterRank (2); status: NEW; exit: -; error: -; workDir: /aloy/home/ymartins/paprec_2024_revision/paprec_nx_workflow/work/50/fc40a948187e7de59221c98bc9d4a6]
Sep-28 23:20:35.193 [Task monitor] DEBUG n.processor.TaskPollingMonitor - Task completed > TaskHandler[id: 5; name: DataSelection_STEP:PROCESS_FilterRank (1); status: COMPLETED; exit: 0; error: -; workDir: /aloy/home/ymartins/paprec_2024_revision/paprec_nx_workflow/work/10/0c55173cd8cf2806ac29c80ee3624a]
Sep-28 23:20:35.200 [Task submitter] DEBUG n.executor.local.LocalTaskHandler - Launch cmd line: /bin/bash -ue .command.run
Sep-28 23:20:35.201 [Task submitter] INFO  nextflow.Session - [50/fc40a9] Submitted process > DataSelection_STEP:PROCESS_FilterRank (2)
Sep-28 23:20:40.136 [Task monitor] DEBUG n.processor.TaskPollingMonitor - Task completed > TaskHandler[id: 6; name: DataSelection_STEP:PROCESS_FilterRank (2); status: COMPLETED; exit: 0; error: -; workDir: /aloy/home/ymartins/paprec_2024_revision/paprec_nx_workflow/work/50/fc40a948187e7de59221c98bc9d4a6]
Sep-28 23:20:40.156 [Task submitter] DEBUG n.executor.local.LocalTaskHandler - Launch cmd line: /bin/bash -ue .command.run
Sep-28 23:20:40.157 [Task submitter] INFO  nextflow.Session - [73/2ba629] Submitted process > DataSelection_STEP:PROCESS_FilterAllelePromiscuity (2)
Sep-28 23:20:44.764 [Task monitor] DEBUG n.processor.TaskPollingMonitor - Task completed > TaskHandler[id: 8; name: DataSelection_STEP:PROCESS_FilterAllelePromiscuity (2); status: COMPLETED; exit: 0; error: -; workDir: /aloy/home/ymartins/paprec_2024_revision/paprec_nx_workflow/work/73/2ba629390835f4a51c5e6430f6d258]
Sep-28 23:20:44.772 [Task submitter] DEBUG n.executor.local.LocalTaskHandler - Launch cmd line: /bin/bash -ue .command.run
Sep-28 23:20:44.773 [Task submitter] INFO  nextflow.Session - [1b/b647c4] Submitted process > DataSelection_STEP:PROCESS_FilterAllelePromiscuity (1)
Sep-28 23:20:53.465 [Task monitor] DEBUG n.processor.TaskPollingMonitor - Task completed > TaskHandler[id: 7; name: DataSelection_STEP:PROCESS_FilterAllelePromiscuity (1); status: COMPLETED; exit: 0; error: -; workDir: /aloy/home/ymartins/paprec_2024_revision/paprec_nx_workflow/work/1b/b647c4a2c7446f29873a5846e56836]
Sep-28 23:20:53.499 [Task submitter] DEBUG n.executor.local.LocalTaskHandler - Launch cmd line: /bin/bash -ue .command.run
Sep-28 23:20:53.499 [Task submitter] INFO  nextflow.Session - [83/358dda] Submitted process > DataSelection_STEP:PROCESS_FilterOverlappingViolinet (1)
Sep-28 23:21:43.475 [Task monitor] DEBUG n.processor.TaskPollingMonitor - Task completed > TaskHandler[id: 9; name: DataSelection_STEP:PROCESS_FilterOverlappingViolinet (1); status: COMPLETED; exit: 0; error: -; workDir: /aloy/home/ymartins/paprec_2024_revision/paprec_nx_workflow/work/83/358ddafb7ccf8d655324ad8145eabf]
Sep-28 23:21:43.482 [Task submitter] DEBUG n.executor.local.LocalTaskHandler - Launch cmd line: /bin/bash -ue .command.run
Sep-28 23:21:43.482 [Task submitter] INFO  nextflow.Session - [aa/374fe8] Submitted process > DataSelection_STEP:PROCESS_FilterOverlappingViolinet (2)
Sep-28 23:22:03.133 [Task monitor] DEBUG n.processor.TaskPollingMonitor - Task completed > TaskHandler[id: 10; name: DataSelection_STEP:PROCESS_FilterOverlappingViolinet (2); status: COMPLETED; exit: 0; error: -; workDir: /aloy/home/ymartins/paprec_2024_revision/paprec_nx_workflow/work/aa/374fe8656e8600cb442c55284c02f0]
Sep-28 23:22:03.155 [Task submitter] DEBUG n.executor.local.LocalTaskHandler - Launch cmd line: /bin/bash -ue .command.run
Sep-28 23:22:03.156 [Task submitter] INFO  nextflow.Session - [1b/463f82] Submitted process > DataSelection_STEP:PROCESS_FilterOverlappingIedbEpitope (1)
Sep-28 23:22:04.910 [Task monitor] DEBUG n.processor.TaskPollingMonitor - Task completed > TaskHandler[id: 11; name: DataSelection_STEP:PROCESS_FilterOverlappingIedbEpitope (1); status: COMPLETED; exit: 0; error: -; workDir: /aloy/home/ymartins/paprec_2024_revision/paprec_nx_workflow/work/1b/463f826bbf9d8b086897be8a459109]
Sep-28 23:22:04.917 [Task submitter] DEBUG n.executor.local.LocalTaskHandler - Launch cmd line: /bin/bash -ue .command.run
Sep-28 23:22:04.917 [Task submitter] INFO  nextflow.Session - [db/c771e7] Submitted process > DataSelection_STEP:PROCESS_FilterOverlappingIedbEpitope (2)
Sep-28 23:22:06.047 [Task monitor] DEBUG n.processor.TaskPollingMonitor - Task completed > TaskHandler[id: 12; name: DataSelection_STEP:PROCESS_FilterOverlappingIedbEpitope (2); status: COMPLETED; exit: 0; error: -; workDir: /aloy/home/ymartins/paprec_2024_revision/paprec_nx_workflow/work/db/c771e7e5b97a30179b4c8b639f41fb]
Sep-28 23:22:06.087 [Task submitter] DEBUG n.executor.local.LocalTaskHandler - Launch cmd line: /bin/bash -ue .command.run
Sep-28 23:22:06.088 [Task submitter] INFO  nextflow.Session - [c9/791507] Submitted process > DataSelection_STEP:PROCESS_FilterOverlappingHumanProteome (2)
Sep-28 23:24:31.532 [Task monitor] DEBUG n.processor.TaskPollingMonitor - !! executor local > tasks to be completed: 1 -- submitted tasks are shown below
~> TaskHandler[id: 14; name: DataSelection_STEP:PROCESS_FilterOverlappingHumanProteome (2); status: RUNNING; exit: -; error: -; workDir: /aloy/home/ymartins/paprec_2024_revision/paprec_nx_workflow/work/c9/791507b7f35b76eb74a78fdc6b8ca3]
Sep-28 23:25:26.129 [Task submitter] DEBUG n.processor.TaskPollingMonitor - %% executor local > tasks in the submission queue: 1 -- tasks to be submitted are shown below
~> TaskHandler[id: 13; name: DataSelection_STEP:PROCESS_FilterOverlappingHumanProteome (1); status: NEW; exit: -; error: -; workDir: /aloy/home/ymartins/paprec_2024_revision/paprec_nx_workflow/work/f7/b2ee41ef7a1167b2a5679c4d8bd97a]
Sep-28 23:29:31.595 [Task monitor] DEBUG n.processor.TaskPollingMonitor - !! executor local > tasks to be completed: 1 -- submitted tasks are shown below
~> TaskHandler[id: 14; name: DataSelection_STEP:PROCESS_FilterOverlappingHumanProteome (2); status: RUNNING; exit: -; error: -; workDir: /aloy/home/ymartins/paprec_2024_revision/paprec_nx_workflow/work/c9/791507b7f35b76eb74a78fdc6b8ca3]
Sep-28 23:30:26.182 [Task submitter] DEBUG n.processor.TaskPollingMonitor - %% executor local > tasks in the submission queue: 1 -- tasks to be submitted are shown below
~> TaskHandler[id: 13; name: DataSelection_STEP:PROCESS_FilterOverlappingHumanProteome (1); status: NEW; exit: -; error: -; workDir: /aloy/home/ymartins/paprec_2024_revision/paprec_nx_workflow/work/f7/b2ee41ef7a1167b2a5679c4d8bd97a]
Sep-28 23:34:31.692 [Task monitor] DEBUG n.processor.TaskPollingMonitor - !! executor local > tasks to be completed: 1 -- submitted tasks are shown below
~> TaskHandler[id: 14; name: DataSelection_STEP:PROCESS_FilterOverlappingHumanProteome (2); status: RUNNING; exit: -; error: -; workDir: /aloy/home/ymartins/paprec_2024_revision/paprec_nx_workflow/work/c9/791507b7f35b76eb74a78fdc6b8ca3]
Sep-28 23:35:26.232 [Task submitter] DEBUG n.processor.TaskPollingMonitor - %% executor local > tasks in the submission queue: 1 -- tasks to be submitted are shown below
~> TaskHandler[id: 13; name: DataSelection_STEP:PROCESS_FilterOverlappingHumanProteome (1); status: NEW; exit: -; error: -; workDir: /aloy/home/ymartins/paprec_2024_revision/paprec_nx_workflow/work/f7/b2ee41ef7a1167b2a5679c4d8bd97a]
Sep-28 23:39:31.692 [Task monitor] DEBUG n.processor.TaskPollingMonitor - !! executor local > tasks to be completed: 1 -- submitted tasks are shown below
~> TaskHandler[id: 14; name: DataSelection_STEP:PROCESS_FilterOverlappingHumanProteome (2); status: RUNNING; exit: -; error: -; workDir: /aloy/home/ymartins/paprec_2024_revision/paprec_nx_workflow/work/c9/791507b7f35b76eb74a78fdc6b8ca3]
Sep-28 23:40:26.282 [Task submitter] DEBUG n.processor.TaskPollingMonitor - %% executor local > tasks in the submission queue: 1 -- tasks to be submitted are shown below
~> TaskHandler[id: 13; name: DataSelection_STEP:PROCESS_FilterOverlappingHumanProteome (1); status: NEW; exit: -; error: -; workDir: /aloy/home/ymartins/paprec_2024_revision/paprec_nx_workflow/work/f7/b2ee41ef7a1167b2a5679c4d8bd97a]
Sep-28 23:44:31.784 [Task monitor] DEBUG n.processor.TaskPollingMonitor - !! executor local > tasks to be completed: 1 -- submitted tasks are shown below
~> TaskHandler[id: 14; name: DataSelection_STEP:PROCESS_FilterOverlappingHumanProteome (2); status: RUNNING; exit: -; error: -; workDir: /aloy/home/ymartins/paprec_2024_revision/paprec_nx_workflow/work/c9/791507b7f35b76eb74a78fdc6b8ca3]
Sep-28 23:45:26.332 [Task submitter] DEBUG n.processor.TaskPollingMonitor - %% executor local > tasks in the submission queue: 1 -- tasks to be submitted are shown below
~> TaskHandler[id: 13; name: DataSelection_STEP:PROCESS_FilterOverlappingHumanProteome (1); status: NEW; exit: -; error: -; workDir: /aloy/home/ymartins/paprec_2024_revision/paprec_nx_workflow/work/f7/b2ee41ef7a1167b2a5679c4d8bd97a]
Sep-28 23:49:31.787 [Task monitor] DEBUG n.processor.TaskPollingMonitor - !! executor local > tasks to be completed: 1 -- submitted tasks are shown below
~> TaskHandler[id: 14; name: DataSelection_STEP:PROCESS_FilterOverlappingHumanProteome (2); status: RUNNING; exit: -; error: -; workDir: /aloy/home/ymartins/paprec_2024_revision/paprec_nx_workflow/work/c9/791507b7f35b76eb74a78fdc6b8ca3]
Sep-28 23:50:26.384 [Task submitter] DEBUG n.processor.TaskPollingMonitor - %% executor local > tasks in the submission queue: 1 -- tasks to be submitted are shown below
~> TaskHandler[id: 13; name: DataSelection_STEP:PROCESS_FilterOverlappingHumanProteome (1); status: NEW; exit: -; error: -; workDir: /aloy/home/ymartins/paprec_2024_revision/paprec_nx_workflow/work/f7/b2ee41ef7a1167b2a5679c4d8bd97a]
Sep-28 23:54:31.792 [Task monitor] DEBUG n.processor.TaskPollingMonitor - !! executor local > tasks to be completed: 1 -- submitted tasks are shown below
~> TaskHandler[id: 14; name: DataSelection_STEP:PROCESS_FilterOverlappingHumanProteome (2); status: RUNNING; exit: -; error: -; workDir: /aloy/home/ymartins/paprec_2024_revision/paprec_nx_workflow/work/c9/791507b7f35b76eb74a78fdc6b8ca3]
Sep-28 23:55:26.433 [Task submitter] DEBUG n.processor.TaskPollingMonitor - %% executor local > tasks in the submission queue: 1 -- tasks to be submitted are shown below
~> TaskHandler[id: 13; name: DataSelection_STEP:PROCESS_FilterOverlappingHumanProteome (1); status: NEW; exit: -; error: -; workDir: /aloy/home/ymartins/paprec_2024_revision/paprec_nx_workflow/work/f7/b2ee41ef7a1167b2a5679c4d8bd97a]
Sep-28 23:59:31.890 [Task monitor] DEBUG n.processor.TaskPollingMonitor - !! executor local > tasks to be completed: 1 -- submitted tasks are shown below
~> TaskHandler[id: 14; name: DataSelection_STEP:PROCESS_FilterOverlappingHumanProteome (2); status: RUNNING; exit: -; error: -; workDir: /aloy/home/ymartins/paprec_2024_revision/paprec_nx_workflow/work/c9/791507b7f35b76eb74a78fdc6b8ca3]
Sep-28 23:59:52.990 [Task monitor] DEBUG n.processor.TaskPollingMonitor - Task completed > TaskHandler[id: 14; name: DataSelection_STEP:PROCESS_FilterOverlappingHumanProteome (2); status: COMPLETED; exit: 0; error: -; workDir: /aloy/home/ymartins/paprec_2024_revision/paprec_nx_workflow/work/c9/791507b7f35b76eb74a78fdc6b8ca3]
Sep-28 23:59:53.006 [Task submitter] DEBUG n.executor.local.LocalTaskHandler - Launch cmd line: /bin/bash -ue .command.run
Sep-28 23:59:53.007 [Task submitter] INFO  nextflow.Session - [f7/b2ee41] Submitted process > DataSelection_STEP:PROCESS_FilterOverlappingHumanProteome (1)
Sep-29 00:04:31.977 [Task monitor] DEBUG n.processor.TaskPollingMonitor - !! executor local > tasks to be completed: 1 -- submitted tasks are shown below
~> TaskHandler[id: 13; name: DataSelection_STEP:PROCESS_FilterOverlappingHumanProteome (1); status: RUNNING; exit: -; error: -; workDir: /aloy/home/ymartins/paprec_2024_revision/paprec_nx_workflow/work/f7/b2ee41ef7a1167b2a5679c4d8bd97a]
Sep-29 00:09:32.074 [Task monitor] DEBUG n.processor.TaskPollingMonitor - !! executor local > tasks to be completed: 1 -- submitted tasks are shown below
~> TaskHandler[id: 13; name: DataSelection_STEP:PROCESS_FilterOverlappingHumanProteome (1); status: RUNNING; exit: -; error: -; workDir: /aloy/home/ymartins/paprec_2024_revision/paprec_nx_workflow/work/f7/b2ee41ef7a1167b2a5679c4d8bd97a]
Sep-29 00:14:32.080 [Task monitor] DEBUG n.processor.TaskPollingMonitor - !! executor local > tasks to be completed: 1 -- submitted tasks are shown below
~> TaskHandler[id: 13; name: DataSelection_STEP:PROCESS_FilterOverlappingHumanProteome (1); status: RUNNING; exit: -; error: -; workDir: /aloy/home/ymartins/paprec_2024_revision/paprec_nx_workflow/work/f7/b2ee41ef7a1167b2a5679c4d8bd97a]
Sep-29 00:19:32.084 [Task monitor] DEBUG n.processor.TaskPollingMonitor - !! executor local > tasks to be completed: 1 -- submitted tasks are shown below
~> TaskHandler[id: 13; name: DataSelection_STEP:PROCESS_FilterOverlappingHumanProteome (1); status: RUNNING; exit: -; error: -; workDir: /aloy/home/ymartins/paprec_2024_revision/paprec_nx_workflow/work/f7/b2ee41ef7a1167b2a5679c4d8bd97a]
Sep-29 00:24:32.087 [Task monitor] DEBUG n.processor.TaskPollingMonitor - !! executor local > tasks to be completed: 1 -- submitted tasks are shown below
~> TaskHandler[id: 13; name: DataSelection_STEP:PROCESS_FilterOverlappingHumanProteome (1); status: RUNNING; exit: -; error: -; workDir: /aloy/home/ymartins/paprec_2024_revision/paprec_nx_workflow/work/f7/b2ee41ef7a1167b2a5679c4d8bd97a]
Sep-29 00:29:32.098 [Task monitor] DEBUG n.processor.TaskPollingMonitor - !! executor local > tasks to be completed: 1 -- submitted tasks are shown below
~> TaskHandler[id: 13; name: DataSelection_STEP:PROCESS_FilterOverlappingHumanProteome (1); status: RUNNING; exit: -; error: -; workDir: /aloy/home/ymartins/paprec_2024_revision/paprec_nx_workflow/work/f7/b2ee41ef7a1167b2a5679c4d8bd97a]
Sep-29 00:34:32.109 [Task monitor] DEBUG n.processor.TaskPollingMonitor - !! executor local > tasks to be completed: 1 -- submitted tasks are shown below
~> TaskHandler[id: 13; name: DataSelection_STEP:PROCESS_FilterOverlappingHumanProteome (1); status: RUNNING; exit: -; error: -; workDir: /aloy/home/ymartins/paprec_2024_revision/paprec_nx_workflow/work/f7/b2ee41ef7a1167b2a5679c4d8bd97a]
Sep-29 00:39:32.120 [Task monitor] DEBUG n.processor.TaskPollingMonitor - !! executor local > tasks to be completed: 1 -- submitted tasks are shown below
~> TaskHandler[id: 13; name: DataSelection_STEP:PROCESS_FilterOverlappingHumanProteome (1); status: RUNNING; exit: -; error: -; workDir: /aloy/home/ymartins/paprec_2024_revision/paprec_nx_workflow/work/f7/b2ee41ef7a1167b2a5679c4d8bd97a]
Sep-29 00:44:32.127 [Task monitor] DEBUG n.processor.TaskPollingMonitor - !! executor local > tasks to be completed: 1 -- submitted tasks are shown below
~> TaskHandler[id: 13; name: DataSelection_STEP:PROCESS_FilterOverlappingHumanProteome (1); status: RUNNING; exit: -; error: -; workDir: /aloy/home/ymartins/paprec_2024_revision/paprec_nx_workflow/work/f7/b2ee41ef7a1167b2a5679c4d8bd97a]
Sep-29 00:49:32.220 [Task monitor] DEBUG n.processor.TaskPollingMonitor - !! executor local > tasks to be completed: 1 -- submitted tasks are shown below
~> TaskHandler[id: 13; name: DataSelection_STEP:PROCESS_FilterOverlappingHumanProteome (1); status: RUNNING; exit: -; error: -; workDir: /aloy/home/ymartins/paprec_2024_revision/paprec_nx_workflow/work/f7/b2ee41ef7a1167b2a5679c4d8bd97a]
Sep-29 00:54:32.312 [Task monitor] DEBUG n.processor.TaskPollingMonitor - !! executor local > tasks to be completed: 1 -- submitted tasks are shown below
~> TaskHandler[id: 13; name: DataSelection_STEP:PROCESS_FilterOverlappingHumanProteome (1); status: RUNNING; exit: -; error: -; workDir: /aloy/home/ymartins/paprec_2024_revision/paprec_nx_workflow/work/f7/b2ee41ef7a1167b2a5679c4d8bd97a]
Sep-29 00:59:32.389 [Task monitor] DEBUG n.processor.TaskPollingMonitor - !! executor local > tasks to be completed: 1 -- submitted tasks are shown below
~> TaskHandler[id: 13; name: DataSelection_STEP:PROCESS_FilterOverlappingHumanProteome (1); status: RUNNING; exit: -; error: -; workDir: /aloy/home/ymartins/paprec_2024_revision/paprec_nx_workflow/work/f7/b2ee41ef7a1167b2a5679c4d8bd97a]
Sep-29 01:04:32.477 [Task monitor] DEBUG n.processor.TaskPollingMonitor - !! executor local > tasks to be completed: 1 -- submitted tasks are shown below
~> TaskHandler[id: 13; name: DataSelection_STEP:PROCESS_FilterOverlappingHumanProteome (1); status: RUNNING; exit: -; error: -; workDir: /aloy/home/ymartins/paprec_2024_revision/paprec_nx_workflow/work/f7/b2ee41ef7a1167b2a5679c4d8bd97a]
Sep-29 01:09:32.567 [Task monitor] DEBUG n.processor.TaskPollingMonitor - !! executor local > tasks to be completed: 1 -- submitted tasks are shown below
~> TaskHandler[id: 13; name: DataSelection_STEP:PROCESS_FilterOverlappingHumanProteome (1); status: RUNNING; exit: -; error: -; workDir: /aloy/home/ymartins/paprec_2024_revision/paprec_nx_workflow/work/f7/b2ee41ef7a1167b2a5679c4d8bd97a]
Sep-29 01:14:32.658 [Task monitor] DEBUG n.processor.TaskPollingMonitor - !! executor local > tasks to be completed: 1 -- submitted tasks are shown below
~> TaskHandler[id: 13; name: DataSelection_STEP:PROCESS_FilterOverlappingHumanProteome (1); status: RUNNING; exit: -; error: -; workDir: /aloy/home/ymartins/paprec_2024_revision/paprec_nx_workflow/work/f7/b2ee41ef7a1167b2a5679c4d8bd97a]
Sep-29 01:19:32.750 [Task monitor] DEBUG n.processor.TaskPollingMonitor - !! executor local > tasks to be completed: 1 -- submitted tasks are shown below
~> TaskHandler[id: 13; name: DataSelection_STEP:PROCESS_FilterOverlappingHumanProteome (1); status: RUNNING; exit: -; error: -; workDir: /aloy/home/ymartins/paprec_2024_revision/paprec_nx_workflow/work/f7/b2ee41ef7a1167b2a5679c4d8bd97a]
Sep-29 01:24:32.835 [Task monitor] DEBUG n.processor.TaskPollingMonitor - !! executor local > tasks to be completed: 1 -- submitted tasks are shown below
~> TaskHandler[id: 13; name: DataSelection_STEP:PROCESS_FilterOverlappingHumanProteome (1); status: RUNNING; exit: -; error: -; workDir: /aloy/home/ymartins/paprec_2024_revision/paprec_nx_workflow/work/f7/b2ee41ef7a1167b2a5679c4d8bd97a]
Sep-29 01:29:32.929 [Task monitor] DEBUG n.processor.TaskPollingMonitor - !! executor local > tasks to be completed: 1 -- submitted tasks are shown below
~> TaskHandler[id: 13; name: DataSelection_STEP:PROCESS_FilterOverlappingHumanProteome (1); status: RUNNING; exit: -; error: -; workDir: /aloy/home/ymartins/paprec_2024_revision/paprec_nx_workflow/work/f7/b2ee41ef7a1167b2a5679c4d8bd97a]
Sep-29 01:34:33.022 [Task monitor] DEBUG n.processor.TaskPollingMonitor - !! executor local > tasks to be completed: 1 -- submitted tasks are shown below
~> TaskHandler[id: 13; name: DataSelection_STEP:PROCESS_FilterOverlappingHumanProteome (1); status: RUNNING; exit: -; error: -; workDir: /aloy/home/ymartins/paprec_2024_revision/paprec_nx_workflow/work/f7/b2ee41ef7a1167b2a5679c4d8bd97a]
Sep-29 01:35:43.992 [Task monitor] DEBUG n.processor.TaskPollingMonitor - Task completed > TaskHandler[id: 13; name: DataSelection_STEP:PROCESS_FilterOverlappingHumanProteome (1); status: COMPLETED; exit: 0; error: -; workDir: /aloy/home/ymartins/paprec_2024_revision/paprec_nx_workflow/work/f7/b2ee41ef7a1167b2a5679c4d8bd97a]
Sep-29 01:35:44.041 [Task submitter] DEBUG n.executor.local.LocalTaskHandler - Launch cmd line: /bin/bash -ue .command.run
Sep-29 01:35:44.041 [Task submitter] INFO  nextflow.Session - [43/0ffca9] Submitted process > DataSelection_STEP:PROCESS_PrepareFinalFiles (2)
Sep-29 01:35:44.042 [Task submitter] DEBUG n.processor.TaskPollingMonitor - %% executor local > tasks in the submission queue: 1 -- tasks to be submitted are shown below
~> TaskHandler[id: 15; name: DataSelection_STEP:PROCESS_PrepareFinalFiles (1); status: NEW; exit: -; error: -; workDir: /aloy/home/ymartins/paprec_2024_revision/paprec_nx_workflow/work/0c/752acacc42697d1e5ed2efc0d3b297]
Sep-29 01:35:53.571 [Task monitor] DEBUG n.processor.TaskPollingMonitor - Task completed > TaskHandler[id: 16; name: DataSelection_STEP:PROCESS_PrepareFinalFiles (2); status: COMPLETED; exit: 0; error: -; workDir: /aloy/home/ymartins/paprec_2024_revision/paprec_nx_workflow/work/43/0ffca98e68d1d19c509690774a981c]
Sep-29 01:35:53.578 [Task submitter] DEBUG n.executor.local.LocalTaskHandler - Launch cmd line: /bin/bash -ue .command.run
Sep-29 01:35:53.579 [Task submitter] INFO  nextflow.Session - [0c/752aca] Submitted process > DataSelection_STEP:PROCESS_PrepareFinalFiles (1)
Sep-29 01:36:09.806 [Task monitor] DEBUG n.processor.TaskPollingMonitor - Task completed > TaskHandler[id: 15; name: DataSelection_STEP:PROCESS_PrepareFinalFiles (1); status: COMPLETED; exit: 0; error: -; workDir: /aloy/home/ymartins/paprec_2024_revision/paprec_nx_workflow/work/0c/752acacc42697d1e5ed2efc0d3b297]
Sep-29 01:36:09.811 [main] DEBUG nextflow.Session - Session await > all processes finished
Sep-29 01:36:09.912 [Task monitor] DEBUG n.processor.TaskPollingMonitor - <<< barrier arrives (monitor: local) - terminating tasks monitor poll loop
Sep-29 01:36:09.913 [main] DEBUG nextflow.Session - Session await > all barriers passed
Sep-29 01:36:09.921 [main] DEBUG nextflow.util.ThreadPoolManager - Thread pool 'TaskFinalizer' shutdown completed (hard=false)
Sep-29 01:36:09.932 [main] INFO  nextflow.Nextflow - 
Done! Models were trained and evaluated!

Sep-29 01:36:09.941 [main] DEBUG n.trace.WorkflowStatsObserver - Workflow completed > WorkflowStats[succeededCount=16; failedCount=0; ignoredCount=0; cachedCount=0; pendingCount=0; submittedCount=0; runningCount=0; retriesCount=0; abortedCount=0; succeedDuration=12h 38m 2s; failedDuration=0ms; cachedDuration=0ms;loadCpus=0; loadMemory=0; peakRunning=2; peakCpus=10; peakMemory=0; ]
Sep-29 01:36:09.997 [main] DEBUG nextflow.cache.CacheDB - Closing CacheDB done
Sep-29 01:36:10.111 [main] DEBUG nextflow.util.ThreadPoolManager - Thread pool 'FileTransfer' shutdown completed (hard=false)
Sep-29 01:36:10.111 [main] DEBUG nextflow.script.ScriptRunner - > Execution complete -- Goodbye
