Oct-01 10:54:13.583 [main] DEBUG nextflow.cli.Launcher - $> nextflow -log prediction_comparison_iedb_sapa.log run main.nf
Oct-01 10:54:13.801 [main] DEBUG nextflow.cli.CmdRun - N E X T F L O W  ~  version 24.04.4
Oct-01 10:54:13.843 [main] DEBUG nextflow.plugin.PluginsFacade - Setting up plugin manager > mode=prod; embedded=false; plugins-dir=/home/ymartins/.nextflow/plugins; core-plugins: nf-amazon@2.5.3,nf-azure@1.6.1,nf-cloudcache@0.4.1,nf-codecommit@0.2.1,nf-console@1.1.3,nf-ga4gh@1.3.0,nf-google@1.13.2-patch1,nf-tower@1.9.1,nf-wave@1.4.2-patch1
Oct-01 10:54:13.862 [main] INFO  o.pf4j.DefaultPluginStatusProvider - Enabled plugins: []
Oct-01 10:54:13.864 [main] INFO  o.pf4j.DefaultPluginStatusProvider - Disabled plugins: []
Oct-01 10:54:13.868 [main] INFO  org.pf4j.DefaultPluginManager - PF4J version 3.12.0 in 'deployment' mode
Oct-01 10:54:13.890 [main] INFO  org.pf4j.AbstractPluginManager - No plugins
Oct-01 10:54:13.928 [main] DEBUG nextflow.config.ConfigBuilder - Found config local: /aloy/home/ymartins/paprec_2024_revision/paprec_nx_workflow/nextflow.config
Oct-01 10:54:13.933 [main] DEBUG nextflow.config.ConfigBuilder - Parsing config file: /aloy/home/ymartins/paprec_2024_revision/paprec_nx_workflow/nextflow.config
Oct-01 10:54:13.975 [main] DEBUG n.secret.LocalSecretsProvider - Secrets store: /home/ymartins/.nextflow/secrets/store.json
Oct-01 10:54:13.979 [main] DEBUG nextflow.secret.SecretsLoader - Discovered secrets providers: [nextflow.secret.LocalSecretsProvider@1450078a] - activable => nextflow.secret.LocalSecretsProvider@1450078a
Oct-01 10:54:13.987 [main] DEBUG nextflow.config.ConfigBuilder - Applying config profile: `standard`
Oct-01 10:54:14.767 [main] DEBUG nextflow.cli.CmdRun - Applied DSL=2 from script declaration
Oct-01 10:54:14.785 [main] DEBUG nextflow.cli.CmdRun - Launching `main.nf` [shrivelled_picasso] DSL2 - revision: 4668c0dc15
Oct-01 10:54:14.787 [main] DEBUG nextflow.plugin.PluginsFacade - Plugins default=[]
Oct-01 10:54:14.788 [main] DEBUG nextflow.plugin.PluginsFacade - Plugins resolved requirement=[]
Oct-01 10:54:14.857 [main] DEBUG nextflow.Session - Session UUID: c964931f-7ee1-4cbc-8dc1-e6000fa58669
Oct-01 10:54:14.858 [main] DEBUG nextflow.Session - Run name: shrivelled_picasso
Oct-01 10:54:14.858 [main] DEBUG nextflow.Session - Executor pool size: 8
Oct-01 10:54:14.868 [main] DEBUG nextflow.file.FilePorter - File porter settings maxRetries=3; maxTransfers=50; pollTimeout=null
Oct-01 10:54:14.878 [main] DEBUG nextflow.util.ThreadPoolBuilder - Creating thread pool 'FileTransfer' minSize=10; maxSize=24; workQueue=LinkedBlockingQueue[10000]; allowCoreThreadTimeout=false
Oct-01 10:54:14.905 [main] DEBUG nextflow.cli.CmdRun - 
  Version: 24.04.4 build 5917
  Created: 01-08-2024 07:05 UTC (09:05 CEST)
  System: Linux 5.15.0-119-generic
  Runtime: Groovy 4.0.21 on OpenJDK 64-Bit Server VM 17.0.11-internal+0-adhoc..src
  Encoding: UTF-8 (UTF-8)
  Process: 2503256@murakami [127.0.0.1]
  CPUs: 8 - Mem: 15.5 GB (467.8 MB) - Swap: 16 GB (2.6 GB)
Oct-01 10:54:14.939 [main] DEBUG nextflow.Session - Work-dir: /aloy/home/ymartins/paprec_2024_revision/paprec_nx_workflow/work [nfs]
Oct-01 10:54:14.940 [main] DEBUG nextflow.Session - Script base path does not exist or is not a directory: /aloy/home/ymartins/paprec_2024_revision/paprec_nx_workflow/bin
Oct-01 10:54:14.951 [main] DEBUG nextflow.executor.ExecutorFactory - Extension executors providers=[]
Oct-01 10:54:14.965 [main] DEBUG nextflow.Session - Observer factory: DefaultObserverFactory
Oct-01 10:54:15.003 [main] DEBUG nextflow.cache.CacheFactory - Using Nextflow cache factory: nextflow.cache.DefaultCacheFactory
Oct-01 10:54:15.016 [main] DEBUG nextflow.util.CustomThreadPool - Creating default thread pool > poolSize: 9; maxThreads: 1000
Oct-01 10:54:15.119 [main] DEBUG nextflow.Session - Session start
Oct-01 10:54:15.464 [main] DEBUG nextflow.script.ScriptRunner - > Launching execution
Oct-01 10:54:15.940 [main] INFO  nextflow.Nextflow -  P A P R E C  -  P I P E L I N E
 ===================================
 dataDir       : /aloy/home/ymartins/paprec_2024_revision/paprec_data
 runningConfig : /aloy/home/ymartins/paprec_2024_revision/paprec_nx_workflow/running_config.json
 mode          : test 
 execution_step: 3 
 
Oct-01 10:54:15.990 [main] DEBUG nextflow.executor.ExecutorFactory - << taskConfig executor: local
Oct-01 10:54:15.990 [main] DEBUG nextflow.executor.ExecutorFactory - >> processorType: 'local'
Oct-01 10:54:15.998 [main] DEBUG nextflow.executor.Executor - [warm up] executor > local
Oct-01 10:54:16.005 [main] DEBUG n.processor.LocalPollingMonitor - Creating local task monitor for executor 'local' > cpus=8; memory=15.5 GB; capacity=8; pollInterval=100ms; dumpInterval=5m
Oct-01 10:54:16.009 [main] DEBUG n.processor.TaskPollingMonitor - >>> barrier register (monitor: local)
Oct-01 10:54:16.192 [main] DEBUG nextflow.executor.ExecutorFactory - << taskConfig executor: local
Oct-01 10:54:16.193 [main] DEBUG nextflow.executor.ExecutorFactory - >> processorType: 'local'
Oct-01 10:54:16.221 [main] DEBUG nextflow.executor.ExecutorFactory - << taskConfig executor: local
Oct-01 10:54:16.221 [main] DEBUG nextflow.executor.ExecutorFactory - >> processorType: 'local'
Oct-01 10:54:16.224 [main] DEBUG nextflow.processor.TaskProcessor - Creating *combiner* operator for each param(s) at index(es): [2]
Oct-01 10:54:16.278 [main] DEBUG nextflow.executor.ExecutorFactory - << taskConfig executor: local
Oct-01 10:54:16.279 [main] DEBUG nextflow.executor.ExecutorFactory - >> processorType: 'local'
Oct-01 10:54:16.281 [main] DEBUG nextflow.processor.TaskProcessor - Creating *combiner* operator for each param(s) at index(es): [2]
Oct-01 10:54:16.286 [main] DEBUG nextflow.Session - Workflow process names [dsl2]: PROCESS_FilterOverlappingHumanProteome, PROCESS_PrepareFinalFiles, Prediction_STEP:PROCESS_SplitTasks, setEnvironment, PROCESS_Prediction, Prediction_STEP:PROCESS_Comparison, PROCESS_FeatureSelectionGeneralModel, PROCESS_ParsePredictionResults, PROCESS_SplitTasks, PROCESS_FilterOverlappingViolinet, PROCESS_EvaluationPipelineRanking, PROCESS_SplitPreProcessTasks, Prediction_STEP:PROCESS_Prediction, PROCESS_FilterOverlappingIedbEpitope, PROCESS_FilterRank, PROCESS_TransformDatasets, PROCESS_FilterAllelePromiscuity, PROCESS_Comparison
Oct-01 10:54:16.286 [main] DEBUG nextflow.Session - Igniting dataflow network (6)
Oct-01 10:54:16.287 [main] DEBUG nextflow.processor.TaskProcessor - Starting process > setEnvironment
Oct-01 10:54:16.287 [main] DEBUG nextflow.processor.TaskProcessor - Starting process > Prediction_STEP:PROCESS_SplitTasks
Oct-01 10:54:16.288 [main] DEBUG nextflow.processor.TaskProcessor - Starting process > Prediction_STEP:PROCESS_Prediction
Oct-01 10:54:16.288 [main] DEBUG nextflow.processor.TaskProcessor - Starting process > Prediction_STEP:PROCESS_Prediction
Oct-01 10:54:16.288 [main] DEBUG nextflow.processor.TaskProcessor - Starting process > Prediction_STEP:PROCESS_Comparison
Oct-01 10:54:16.290 [main] DEBUG nextflow.processor.TaskProcessor - Starting process > Prediction_STEP:PROCESS_Comparison
Oct-01 10:54:16.291 [main] DEBUG nextflow.script.ScriptRunner - Parsed script files:
  Script_358297ab33fc2070: /aloy/home/ymartins/paprec_2024_revision/paprec_nx_workflow/./modules/data_preprocessing/main.nf
  Script_85452f09746e8ea8: /aloy/home/ymartins/paprec_2024_revision/paprec_nx_workflow/./modules/feature_extraction_methods/main.nf
  Script_41cf182fe5b072c8: /aloy/home/ymartins/paprec_2024_revision/paprec_nx_workflow/main.nf
  Script_9d167622febcc9f0: /aloy/home/ymartins/paprec_2024_revision/paprec_nx_workflow/./modules/evaluation/main.nf
  Script_b2c45278ddc198ed: /aloy/home/ymartins/paprec_2024_revision/paprec_nx_workflow/./modules/prediction/main.nf
Oct-01 10:54:16.291 [main] DEBUG nextflow.script.ScriptRunner - > Awaiting termination 
Oct-01 10:54:16.291 [main] DEBUG nextflow.Session - Session await
Oct-01 10:54:16.534 [Task submitter] DEBUG n.executor.local.LocalTaskHandler - Launch cmd line: /bin/bash -ue .command.run
Oct-01 10:54:16.536 [Task submitter] INFO  nextflow.Session - [e6/a868dc] Submitted process > setEnvironment
Oct-01 10:54:16.564 [Task monitor] DEBUG n.processor.TaskPollingMonitor - Task completed > TaskHandler[id: 2; name: setEnvironment; status: COMPLETED; exit: 0; error: -; workDir: /aloy/home/ymartins/paprec_2024_revision/paprec_nx_workflow/work/e6/a868dcea7d1ff6be6a7872b04f3c3a]
Oct-01 10:54:16.565 [Task monitor] DEBUG nextflow.util.ThreadPoolBuilder - Creating thread pool 'TaskFinalizer' minSize=10; maxSize=24; workQueue=LinkedBlockingQueue[10000]; allowCoreThreadTimeout=false
Oct-01 10:54:16.579 [Task submitter] DEBUG n.executor.local.LocalTaskHandler - Launch cmd line: /bin/bash -ue .command.run
Oct-01 10:54:16.579 [Task submitter] INFO  nextflow.Session - [f6/15ff3b] Submitted process > Prediction_STEP:PROCESS_SplitTasks
Oct-01 10:54:18.858 [Task monitor] DEBUG n.processor.TaskPollingMonitor - Task completed > TaskHandler[id: 1; name: Prediction_STEP:PROCESS_SplitTasks; status: COMPLETED; exit: 0; error: -; workDir: /aloy/home/ymartins/paprec_2024_revision/paprec_nx_workflow/work/f6/15ff3b23678ff9a479e8a9ae461f7d]
Oct-01 10:54:19.507 [Task submitter] DEBUG n.executor.local.LocalTaskHandler - Launch cmd line: /bin/bash -ue .command.run
Oct-01 10:54:19.516 [Task submitter] INFO  nextflow.Session - [0c/407eb5] Submitted process > Prediction_STEP:PROCESS_Prediction (1)
Oct-01 10:54:22.007 [Task monitor] DEBUG n.processor.TaskPollingMonitor - Task completed > TaskHandler[id: 3; name: Prediction_STEP:PROCESS_Prediction (1); status: COMPLETED; exit: 1; error: -; workDir: /aloy/home/ymartins/paprec_2024_revision/paprec_nx_workflow/work/0c/407eb58bf651187c770197ff1f16c6]
Oct-01 10:54:22.012 [TaskFinalizer-3] DEBUG nextflow.processor.TaskProcessor - Handling unexpected condition for
  task: name=Prediction_STEP:PROCESS_Prediction (1); work-dir=/aloy/home/ymartins/paprec_2024_revision/paprec_nx_workflow/work/0c/407eb58bf651187c770197ff1f16c6
  error [nextflow.exception.ProcessFailedException]: Process `Prediction_STEP:PROCESS_Prediction (1)` terminated with an error exit status (1)
Oct-01 10:54:22.016 [Task submitter] DEBUG n.executor.local.LocalTaskHandler - Launch cmd line: /bin/bash -ue .command.run
Oct-01 10:54:22.017 [Task submitter] INFO  nextflow.Session - [61/76968d] Submitted process > Prediction_STEP:PROCESS_Prediction (2)
Oct-01 10:54:22.037 [TaskFinalizer-3] ERROR nextflow.processor.TaskProcessor - Error executing process > 'Prediction_STEP:PROCESS_Prediction (1)'

Caused by:
  Process `Prediction_STEP:PROCESS_Prediction (1)` terminated with an error exit status (1)


Command executed:

  python3 $paprecPath/modules/prediction/main_prediction.py -em 2 -dataDir paprec_data -paramFile running_config.json -setup /aloy/home/ymartins/paprec_2024_revision/paprec_nx_workflow/work/f6/15ff3b23678ff9a479e8a9ae461f7d/paprec_data/tmp/prediction/tasks/task_1.csv

Command exit status:
  1

Command output:
  ExtraTreesClassifier(n_jobs=-1, random_state=42) paprec_data/hla/aln_free_aaindex_descriptors/all-features-global_best
  ExtraTreesClassifier(n_jobs=-1, random_state=42) /mnt/085dd464-7946-4395-acfd-e22026d52e9d/home/yasmmin/backup/irbBCN_job/paprec_data/hla/aln_free_aaindex_descriptors/all-features-global_best

Command error:
  /aloy/home/ymartins/miniconda3/envs/paprec/lib/python3.10/site-packages/sklearn/base.py:493: UserWarning: X does not have valid feature names, but ExtraTreesClassifier was fitted with feature names
    warnings.warn(
  ExtraTreesClassifier(n_jobs=-1, random_state=42) paprec_data/hla/aln_free_aaindex_descriptors/all-features-global_best
  ExtraTreesClassifier(n_jobs=-1, random_state=42) /mnt/085dd464-7946-4395-acfd-e22026d52e9d/home/yasmmin/backup/irbBCN_job/paprec_data/hla/aln_free_aaindex_descriptors/all-features-global_best
  Traceback (most recent call last):
    File "/aloy/home/ymartins/paprec_2024_revision/paprec_nx_workflow/modules/prediction/main_prediction.py", line 153, in <module>
      o.run(args)
    File "/aloy/home/ymartins/paprec_2024_revision/paprec_nx_workflow/modules/prediction/main_prediction.py", line 129, in run
      execo.perform_prediction(  )
    File "/aloy/home/ymartins/paprec_2024_revision/paprec_nx_workflow/modules/prediction/prediction_posAnalysis.py", line 156, in perform_prediction
      predictionsS, predictionsM = self._load_predictions()
    File "/aloy/home/ymartins/paprec_2024_revision/paprec_nx_workflow/modules/prediction/prediction_posAnalysis.py", line 108, in _load_predictions
      labels = model.predict( self.x )
    File "/aloy/home/ymartins/miniconda3/envs/paprec/lib/python3.10/site-packages/sklearn/ensemble/_forest.py", line 905, in predict
      proba = self.predict_proba(X)
    File "/aloy/home/ymartins/miniconda3/envs/paprec/lib/python3.10/site-packages/sklearn/ensemble/_forest.py", line 947, in predict_proba
      X = self._validate_X_predict(X)
    File "/aloy/home/ymartins/miniconda3/envs/paprec/lib/python3.10/site-packages/sklearn/ensemble/_forest.py", line 641, in _validate_X_predict
      X = self._validate_data(
    File "/aloy/home/ymartins/miniconda3/envs/paprec/lib/python3.10/site-packages/sklearn/base.py", line 633, in _validate_data
      out = check_array(X, input_name="X", **check_params)
    File "/aloy/home/ymartins/miniconda3/envs/paprec/lib/python3.10/site-packages/sklearn/utils/validation.py", line 879, in check_array
      dtype_orig = np.result_type(*dtypes_orig)
    File "<__array_function__ internals>", line 200, in result_type
  ValueError: at least one array or dtype is required

Work dir:
  /aloy/home/ymartins/paprec_2024_revision/paprec_nx_workflow/work/0c/407eb58bf651187c770197ff1f16c6

Tip: when you have fixed the problem you can continue the execution adding the option `-resume` to the run command line
Oct-01 10:54:22.045 [TaskFinalizer-3] DEBUG nextflow.Session - Session aborted -- Cause: Process `Prediction_STEP:PROCESS_Prediction (1)` terminated with an error exit status (1)
Oct-01 10:54:22.071 [TaskFinalizer-3] DEBUG nextflow.Session - The following nodes are still active:
[process] Prediction_STEP:PROCESS_Comparison
  status=ACTIVE
  port 0: (value) bound ; channel: outDir
  port 1: (value) bound ; channel: parameterFile
  port 2: (value) bound ; channel: __$eachinparam<2>
  port 3: (value) OPEN  ; channel: flow
  port 4: (cntrl) -     ; channel: $

Oct-01 10:54:22.073 [main] DEBUG nextflow.Session - Session await > all processes finished
Oct-01 10:54:22.073 [main] DEBUG nextflow.Session - Session await > all barriers passed
Oct-01 10:54:22.073 [Task monitor] DEBUG n.processor.TaskPollingMonitor - <<< barrier arrives (monitor: local) - terminating tasks monitor poll loop
Oct-01 10:54:22.076 [main] INFO  nextflow.Nextflow - Oops .. something went wrong
Oct-01 10:54:22.080 [main] WARN  n.processor.TaskPollingMonitor - Killing running tasks (1)
Oct-01 10:54:22.095 [main] DEBUG n.trace.WorkflowStatsObserver - Workflow completed > WorkflowStats[succeededCount=2; failedCount=1; ignoredCount=0; cachedCount=0; pendingCount=6; submittedCount=1; runningCount=-1; retriesCount=0; abortedCount=1; succeedDuration=11s; failedDuration=12.2s; cachedDuration=0ms;loadCpus=-5; loadMemory=0; peakRunning=1; peakCpus=5; peakMemory=0; ]
Oct-01 10:54:22.261 [main] DEBUG nextflow.cache.CacheDB - Closing CacheDB done
Oct-01 10:54:22.293 [main] DEBUG nextflow.script.ScriptRunner - > Execution complete -- Goodbye
