Oct-02 17:05:37.117 [main] DEBUG nextflow.cli.Launcher - $> nextflow -log train_feat_extraction_02-oct.log -bg run main.nf
Oct-02 17:05:37.407 [main] INFO  nextflow.cli.CmdRun - N E X T F L O W  ~  version 24.04.4
Oct-02 17:05:37.439 [main] DEBUG nextflow.plugin.PluginsFacade - Setting up plugin manager > mode=prod; embedded=false; plugins-dir=/home/ymartins/.nextflow/plugins; core-plugins: nf-amazon@2.5.3,nf-azure@1.6.1,nf-cloudcache@0.4.1,nf-codecommit@0.2.1,nf-console@1.1.3,nf-ga4gh@1.3.0,nf-google@1.13.2-patch1,nf-tower@1.9.1,nf-wave@1.4.2-patch1
Oct-02 17:05:37.457 [main] INFO  o.pf4j.DefaultPluginStatusProvider - Enabled plugins: []
Oct-02 17:05:37.458 [main] INFO  o.pf4j.DefaultPluginStatusProvider - Disabled plugins: []
Oct-02 17:05:37.462 [main] INFO  org.pf4j.DefaultPluginManager - PF4J version 3.12.0 in 'deployment' mode
Oct-02 17:05:37.477 [main] INFO  org.pf4j.AbstractPluginManager - No plugins
Oct-02 17:05:37.505 [main] DEBUG nextflow.config.ConfigBuilder - Found config local: /aloy/home/ymartins/paprec_2024_revision/paprec_nx_workflow/nextflow.config
Oct-02 17:05:37.509 [main] DEBUG nextflow.config.ConfigBuilder - Parsing config file: /aloy/home/ymartins/paprec_2024_revision/paprec_nx_workflow/nextflow.config
Oct-02 17:05:37.550 [main] DEBUG n.secret.LocalSecretsProvider - Secrets store: /home/ymartins/.nextflow/secrets/store.json
Oct-02 17:05:37.555 [main] DEBUG nextflow.secret.SecretsLoader - Discovered secrets providers: [nextflow.secret.LocalSecretsProvider@143d9a93] - activable => nextflow.secret.LocalSecretsProvider@143d9a93
Oct-02 17:05:37.563 [main] DEBUG nextflow.config.ConfigBuilder - Applying config profile: `standard`
Oct-02 17:05:38.268 [main] DEBUG nextflow.cli.CmdRun - Applied DSL=2 from script declaration
Oct-02 17:05:38.293 [main] INFO  nextflow.cli.CmdRun - Launching `main.nf` [peaceful_mendel] DSL2 - revision: ba72b19912
Oct-02 17:05:38.295 [main] DEBUG nextflow.plugin.PluginsFacade - Plugins default=[]
Oct-02 17:05:38.295 [main] DEBUG nextflow.plugin.PluginsFacade - Plugins resolved requirement=[]
Oct-02 17:05:38.379 [main] DEBUG nextflow.Session - Session UUID: abf846c6-b5c8-4dcc-a3da-6d3d1f09a630
Oct-02 17:05:38.379 [main] DEBUG nextflow.Session - Run name: peaceful_mendel
Oct-02 17:05:38.380 [main] DEBUG nextflow.Session - Executor pool size: 8
Oct-02 17:05:38.392 [main] DEBUG nextflow.file.FilePorter - File porter settings maxRetries=3; maxTransfers=50; pollTimeout=null
Oct-02 17:05:38.400 [main] DEBUG nextflow.util.ThreadPoolBuilder - Creating thread pool 'FileTransfer' minSize=10; maxSize=24; workQueue=LinkedBlockingQueue[10000]; allowCoreThreadTimeout=false
Oct-02 17:05:38.436 [main] DEBUG nextflow.cli.CmdRun - 
  Version: 24.04.4 build 5917
  Created: 01-08-2024 07:05 UTC (09:05 CEST)
  System: Linux 5.15.0-119-generic
  Runtime: Groovy 4.0.21 on OpenJDK 64-Bit Server VM 17.0.11-internal+0-adhoc..src
  Encoding: UTF-8 (UTF-8)
  Process: 3222624@murakami [127.0.0.1]
  CPUs: 8 - Mem: 15.5 GB (1.9 GB) - Swap: 16 GB (1.8 GB)
Oct-02 17:05:38.488 [main] DEBUG nextflow.Session - Work-dir: /aloy/home/ymartins/paprec_2024_revision/paprec_nx_workflow/work [nfs]
Oct-02 17:05:38.489 [main] DEBUG nextflow.Session - Script base path does not exist or is not a directory: /aloy/home/ymartins/paprec_2024_revision/paprec_nx_workflow/bin
Oct-02 17:05:38.504 [main] DEBUG nextflow.executor.ExecutorFactory - Extension executors providers=[]
Oct-02 17:05:38.538 [main] DEBUG nextflow.Session - Observer factory: DefaultObserverFactory
Oct-02 17:05:38.579 [main] DEBUG nextflow.cache.CacheFactory - Using Nextflow cache factory: nextflow.cache.DefaultCacheFactory
Oct-02 17:05:38.590 [main] DEBUG nextflow.util.CustomThreadPool - Creating default thread pool > poolSize: 9; maxThreads: 1000
Oct-02 17:05:38.710 [main] DEBUG nextflow.Session - Session start
Oct-02 17:05:39.000 [main] DEBUG nextflow.script.ScriptRunner - > Launching execution
Oct-02 17:05:39.497 [main] INFO  nextflow.Nextflow -  P A P R E C  -  P I P E L I N E
 ===================================
 dataDir       : /aloy/home/ymartins/paprec_2024_revision/paprec_data
 runningConfig : /aloy/home/ymartins/paprec_2024_revision/paprec_nx_workflow/running_config.json
 mode          : train 
 execution_step: 2 
 
Oct-02 17:05:39.578 [main] DEBUG nextflow.executor.ExecutorFactory - << taskConfig executor: local
Oct-02 17:05:39.579 [main] DEBUG nextflow.executor.ExecutorFactory - >> processorType: 'local'
Oct-02 17:05:39.590 [main] DEBUG nextflow.executor.Executor - [warm up] executor > local
Oct-02 17:05:39.599 [main] DEBUG n.processor.LocalPollingMonitor - Creating local task monitor for executor 'local' > cpus=8; memory=15.5 GB; capacity=8; pollInterval=100ms; dumpInterval=5m
Oct-02 17:05:39.604 [main] DEBUG n.processor.TaskPollingMonitor - >>> barrier register (monitor: local)
Oct-02 17:05:39.801 [main] DEBUG nextflow.executor.ExecutorFactory - << taskConfig executor: local
Oct-02 17:05:39.801 [main] DEBUG nextflow.executor.ExecutorFactory - >> processorType: 'local'
Oct-02 17:05:39.843 [main] DEBUG nextflow.executor.ExecutorFactory - << taskConfig executor: local
Oct-02 17:05:39.843 [main] DEBUG nextflow.executor.ExecutorFactory - >> processorType: 'local'
Oct-02 17:05:39.846 [main] DEBUG nextflow.processor.TaskProcessor - Creating *combiner* operator for each param(s) at index(es): [2]
Oct-02 17:05:39.862 [main] DEBUG nextflow.Session - Workflow process names [dsl2]: FeaturesExtraction_STEP:PROCESS_SplitTasks, PROCESS_FilterOverlappingHumanProteome, PROCESS_PrepareFinalFiles, setEnvironment, PROCESS_Prediction, PROCESS_FeatureSelectionGeneralModel, PROCESS_ParsePredictionResults, PROCESS_SplitTasks, PROCESS_FilterOverlappingViolinet, PROCESS_EvaluationPipelineRanking, PROCESS_SplitPreProcessTasks, FeaturesExtraction_STEP:PROCESS_TransformDatasets, PROCESS_FilterOverlappingIedbEpitope, PROCESS_FilterRank, PROCESS_TransformDatasets, PROCESS_FilterAllelePromiscuity, PROCESS_Comparison
Oct-02 17:05:39.863 [main] DEBUG nextflow.Session - Igniting dataflow network (4)
Oct-02 17:05:39.864 [main] DEBUG nextflow.processor.TaskProcessor - Starting process > setEnvironment
Oct-02 17:05:39.865 [main] DEBUG nextflow.processor.TaskProcessor - Starting process > FeaturesExtraction_STEP:PROCESS_SplitTasks
Oct-02 17:05:39.865 [main] DEBUG nextflow.processor.TaskProcessor - Starting process > FeaturesExtraction_STEP:PROCESS_TransformDatasets
Oct-02 17:05:39.866 [main] DEBUG nextflow.processor.TaskProcessor - Starting process > FeaturesExtraction_STEP:PROCESS_TransformDatasets
Oct-02 17:05:39.867 [main] DEBUG nextflow.script.ScriptRunner - Parsed script files:
  Script_358297ab33fc2070: /aloy/home/ymartins/paprec_2024_revision/paprec_nx_workflow/./modules/data_preprocessing/main.nf
  Script_94c140034aedd3fd: /aloy/home/ymartins/paprec_2024_revision/paprec_nx_workflow/main.nf
  Script_85452f09746e8ea8: /aloy/home/ymartins/paprec_2024_revision/paprec_nx_workflow/./modules/feature_extraction_methods/main.nf
  Script_9d167622febcc9f0: /aloy/home/ymartins/paprec_2024_revision/paprec_nx_workflow/./modules/evaluation/main.nf
  Script_b2c45278ddc198ed: /aloy/home/ymartins/paprec_2024_revision/paprec_nx_workflow/./modules/prediction/main.nf
Oct-02 17:05:39.867 [main] DEBUG nextflow.script.ScriptRunner - > Awaiting termination 
Oct-02 17:05:39.867 [main] DEBUG nextflow.Session - Session await
Oct-02 17:05:40.060 [Task submitter] DEBUG n.executor.local.LocalTaskHandler - Launch cmd line: /bin/bash -ue .command.run
Oct-02 17:05:40.062 [Task submitter] INFO  nextflow.Session - [05/767774] Submitted process > setEnvironment
Oct-02 17:05:40.095 [Task monitor] DEBUG n.processor.TaskPollingMonitor - Task completed > TaskHandler[id: 1; name: setEnvironment; status: COMPLETED; exit: 0; error: -; workDir: /aloy/home/ymartins/paprec_2024_revision/paprec_nx_workflow/work/05/767774b5c01715e473745895d96800]
Oct-02 17:05:40.096 [Task monitor] DEBUG nextflow.util.ThreadPoolBuilder - Creating thread pool 'TaskFinalizer' minSize=10; maxSize=24; workQueue=LinkedBlockingQueue[10000]; allowCoreThreadTimeout=false
Oct-02 17:05:40.110 [Task submitter] DEBUG n.executor.local.LocalTaskHandler - Launch cmd line: /bin/bash -ue .command.run
Oct-02 17:05:40.111 [Task submitter] INFO  nextflow.Session - [b5/7166a4] Submitted process > FeaturesExtraction_STEP:PROCESS_SplitTasks
Oct-02 17:06:29.960 [Task monitor] DEBUG n.processor.TaskPollingMonitor - Task completed > TaskHandler[id: 2; name: FeaturesExtraction_STEP:PROCESS_SplitTasks; status: COMPLETED; exit: 0; error: -; workDir: /aloy/home/ymartins/paprec_2024_revision/paprec_nx_workflow/work/b5/7166a4e4fcb2329ba17c304da1e46b]
Oct-02 17:06:30.115 [Task submitter] DEBUG n.executor.local.LocalTaskHandler - Launch cmd line: /bin/bash -ue .command.run
Oct-02 17:06:30.116 [Task submitter] INFO  nextflow.Session - [8d/20f737] Submitted process > FeaturesExtraction_STEP:PROCESS_TransformDatasets (1)
Oct-02 17:09:53.818 [Task monitor] DEBUG n.processor.TaskPollingMonitor - Task completed > TaskHandler[id: 3; name: FeaturesExtraction_STEP:PROCESS_TransformDatasets (1); status: COMPLETED; exit: 0; error: -; workDir: /aloy/home/ymartins/paprec_2024_revision/paprec_nx_workflow/work/8d/20f737d2f6d78462a88fe3b928f947]
Oct-02 17:09:53.864 [Task submitter] DEBUG n.executor.local.LocalTaskHandler - Launch cmd line: /bin/bash -ue .command.run
Oct-02 17:09:53.865 [Task submitter] INFO  nextflow.Session - [ca/5d512c] Submitted process > FeaturesExtraction_STEP:PROCESS_TransformDatasets (5)
Oct-02 17:10:39.720 [Task monitor] DEBUG n.processor.TaskPollingMonitor - !! executor local > tasks to be completed: 1 -- submitted tasks are shown below
~> TaskHandler[id: 7; name: FeaturesExtraction_STEP:PROCESS_TransformDatasets (5); status: RUNNING; exit: -; error: -; workDir: /aloy/home/ymartins/paprec_2024_revision/paprec_nx_workflow/work/ca/5d512c24c0eb12d5ecbbabfdcda848]
Oct-02 17:10:40.897 [Task submitter] DEBUG n.processor.TaskPollingMonitor - %% executor local > tasks in the submission queue: 22 -- tasks to be submitted are shown below
~> TaskHandler[id: 4; name: FeaturesExtraction_STEP:PROCESS_TransformDatasets (2); status: NEW; exit: -; error: -; workDir: /aloy/home/ymartins/paprec_2024_revision/paprec_nx_workflow/work/11/bff788cadd87cda8b34a82490beaf7]
~> TaskHandler[id: 5; name: FeaturesExtraction_STEP:PROCESS_TransformDatasets (3); status: NEW; exit: -; error: -; workDir: /aloy/home/ymartins/paprec_2024_revision/paprec_nx_workflow/work/a2/b4d6a19f0adca678e9f92f10574d0e]
~> TaskHandler[id: 10; name: FeaturesExtraction_STEP:PROCESS_TransformDatasets (8); status: NEW; exit: -; error: -; workDir: /aloy/home/ymartins/paprec_2024_revision/paprec_nx_workflow/work/47/8a45464577528a0bc6d33ddf44de3b]
~> TaskHandler[id: 11; name: FeaturesExtraction_STEP:PROCESS_TransformDatasets (9); status: NEW; exit: -; error: -; workDir: /aloy/home/ymartins/paprec_2024_revision/paprec_nx_workflow/work/f6/c76a00e8b222799709afd7128f1107]
~> TaskHandler[id: 15; name: FeaturesExtraction_STEP:PROCESS_TransformDatasets (13); status: NEW; exit: -; error: -; workDir: /aloy/home/ymartins/paprec_2024_revision/paprec_nx_workflow/work/87/02f38a821161d59fdb7f89b29b1ca5]
~> TaskHandler[id: 8; name: FeaturesExtraction_STEP:PROCESS_TransformDatasets (6); status: NEW; exit: -; error: -; workDir: /aloy/home/ymartins/paprec_2024_revision/paprec_nx_workflow/work/1f/4929b7a96f4ad15ef36d2cf443abeb]
~> TaskHandler[id: 9; name: FeaturesExtraction_STEP:PROCESS_TransformDatasets (7); status: NEW; exit: -; error: -; workDir: /aloy/home/ymartins/paprec_2024_revision/paprec_nx_workflow/work/83/88489fe635f7d7cee9796822f57415]
~> TaskHandler[id: 16; name: FeaturesExtraction_STEP:PROCESS_TransformDatasets (14); status: NEW; exit: -; error: -; workDir: /aloy/home/ymartins/paprec_2024_revision/paprec_nx_workflow/work/8e/5d69f4eb8688b37c358743258426b4]
~> TaskHandler[id: 17; name: FeaturesExtraction_STEP:PROCESS_TransformDatasets (15); status: NEW; exit: -; error: -; workDir: /aloy/home/ymartins/paprec_2024_revision/paprec_nx_workflow/work/c7/8dc4a1f32762d5d728fbed92d94f84]
~> TaskHandler[id: 18; name: FeaturesExtraction_STEP:PROCESS_TransformDatasets (16); status: NEW; exit: -; error: -; workDir: /aloy/home/ymartins/paprec_2024_revision/paprec_nx_workflow/work/b4/212466f0b16a52208f22560c2bc545]
.. remaining tasks omitted.
Oct-02 17:13:55.582 [Task monitor] DEBUG n.processor.TaskPollingMonitor - Task completed > TaskHandler[id: 7; name: FeaturesExtraction_STEP:PROCESS_TransformDatasets (5); status: COMPLETED; exit: 0; error: -; workDir: /aloy/home/ymartins/paprec_2024_revision/paprec_nx_workflow/work/ca/5d512c24c0eb12d5ecbbabfdcda848]
Oct-02 17:13:55.619 [Task submitter] DEBUG n.executor.local.LocalTaskHandler - Launch cmd line: /bin/bash -ue .command.run
Oct-02 17:13:55.620 [Task submitter] INFO  nextflow.Session - [11/bff788] Submitted process > FeaturesExtraction_STEP:PROCESS_TransformDatasets (2)
Oct-02 17:15:39.745 [Task monitor] DEBUG n.processor.TaskPollingMonitor - !! executor local > tasks to be completed: 1 -- submitted tasks are shown below
~> TaskHandler[id: 4; name: FeaturesExtraction_STEP:PROCESS_TransformDatasets (2); status: RUNNING; exit: -; error: -; workDir: /aloy/home/ymartins/paprec_2024_revision/paprec_nx_workflow/work/11/bff788cadd87cda8b34a82490beaf7]
Oct-02 17:15:41.649 [Task submitter] DEBUG n.processor.TaskPollingMonitor - %% executor local > tasks in the submission queue: 21 -- tasks to be submitted are shown below
~> TaskHandler[id: 5; name: FeaturesExtraction_STEP:PROCESS_TransformDatasets (3); status: NEW; exit: -; error: -; workDir: /aloy/home/ymartins/paprec_2024_revision/paprec_nx_workflow/work/a2/b4d6a19f0adca678e9f92f10574d0e]
~> TaskHandler[id: 10; name: FeaturesExtraction_STEP:PROCESS_TransformDatasets (8); status: NEW; exit: -; error: -; workDir: /aloy/home/ymartins/paprec_2024_revision/paprec_nx_workflow/work/47/8a45464577528a0bc6d33ddf44de3b]
~> TaskHandler[id: 11; name: FeaturesExtraction_STEP:PROCESS_TransformDatasets (9); status: NEW; exit: -; error: -; workDir: /aloy/home/ymartins/paprec_2024_revision/paprec_nx_workflow/work/f6/c76a00e8b222799709afd7128f1107]
~> TaskHandler[id: 15; name: FeaturesExtraction_STEP:PROCESS_TransformDatasets (13); status: NEW; exit: -; error: -; workDir: /aloy/home/ymartins/paprec_2024_revision/paprec_nx_workflow/work/87/02f38a821161d59fdb7f89b29b1ca5]
~> TaskHandler[id: 8; name: FeaturesExtraction_STEP:PROCESS_TransformDatasets (6); status: NEW; exit: -; error: -; workDir: /aloy/home/ymartins/paprec_2024_revision/paprec_nx_workflow/work/1f/4929b7a96f4ad15ef36d2cf443abeb]
~> TaskHandler[id: 9; name: FeaturesExtraction_STEP:PROCESS_TransformDatasets (7); status: NEW; exit: -; error: -; workDir: /aloy/home/ymartins/paprec_2024_revision/paprec_nx_workflow/work/83/88489fe635f7d7cee9796822f57415]
~> TaskHandler[id: 16; name: FeaturesExtraction_STEP:PROCESS_TransformDatasets (14); status: NEW; exit: -; error: -; workDir: /aloy/home/ymartins/paprec_2024_revision/paprec_nx_workflow/work/8e/5d69f4eb8688b37c358743258426b4]
~> TaskHandler[id: 17; name: FeaturesExtraction_STEP:PROCESS_TransformDatasets (15); status: NEW; exit: -; error: -; workDir: /aloy/home/ymartins/paprec_2024_revision/paprec_nx_workflow/work/c7/8dc4a1f32762d5d728fbed92d94f84]
~> TaskHandler[id: 18; name: FeaturesExtraction_STEP:PROCESS_TransformDatasets (16); status: NEW; exit: -; error: -; workDir: /aloy/home/ymartins/paprec_2024_revision/paprec_nx_workflow/work/b4/212466f0b16a52208f22560c2bc545]
~> TaskHandler[id: 14; name: FeaturesExtraction_STEP:PROCESS_TransformDatasets (12); status: NEW; exit: -; error: -; workDir: /aloy/home/ymartins/paprec_2024_revision/paprec_nx_workflow/work/58/0a0f4f3a183e029cde05add1d76cdd]
.. remaining tasks omitted.
Oct-02 17:20:39.841 [Task monitor] DEBUG n.processor.TaskPollingMonitor - !! executor local > tasks to be completed: 1 -- submitted tasks are shown below
~> TaskHandler[id: 4; name: FeaturesExtraction_STEP:PROCESS_TransformDatasets (2); status: RUNNING; exit: -; error: -; workDir: /aloy/home/ymartins/paprec_2024_revision/paprec_nx_workflow/work/11/bff788cadd87cda8b34a82490beaf7]
Oct-02 17:20:41.716 [Task submitter] DEBUG n.processor.TaskPollingMonitor - %% executor local > tasks in the submission queue: 21 -- tasks to be submitted are shown below
~> TaskHandler[id: 5; name: FeaturesExtraction_STEP:PROCESS_TransformDatasets (3); status: NEW; exit: -; error: -; workDir: /aloy/home/ymartins/paprec_2024_revision/paprec_nx_workflow/work/a2/b4d6a19f0adca678e9f92f10574d0e]
~> TaskHandler[id: 10; name: FeaturesExtraction_STEP:PROCESS_TransformDatasets (8); status: NEW; exit: -; error: -; workDir: /aloy/home/ymartins/paprec_2024_revision/paprec_nx_workflow/work/47/8a45464577528a0bc6d33ddf44de3b]
~> TaskHandler[id: 11; name: FeaturesExtraction_STEP:PROCESS_TransformDatasets (9); status: NEW; exit: -; error: -; workDir: /aloy/home/ymartins/paprec_2024_revision/paprec_nx_workflow/work/f6/c76a00e8b222799709afd7128f1107]
~> TaskHandler[id: 15; name: FeaturesExtraction_STEP:PROCESS_TransformDatasets (13); status: NEW; exit: -; error: -; workDir: /aloy/home/ymartins/paprec_2024_revision/paprec_nx_workflow/work/87/02f38a821161d59fdb7f89b29b1ca5]
~> TaskHandler[id: 8; name: FeaturesExtraction_STEP:PROCESS_TransformDatasets (6); status: NEW; exit: -; error: -; workDir: /aloy/home/ymartins/paprec_2024_revision/paprec_nx_workflow/work/1f/4929b7a96f4ad15ef36d2cf443abeb]
~> TaskHandler[id: 9; name: FeaturesExtraction_STEP:PROCESS_TransformDatasets (7); status: NEW; exit: -; error: -; workDir: /aloy/home/ymartins/paprec_2024_revision/paprec_nx_workflow/work/83/88489fe635f7d7cee9796822f57415]
~> TaskHandler[id: 16; name: FeaturesExtraction_STEP:PROCESS_TransformDatasets (14); status: NEW; exit: -; error: -; workDir: /aloy/home/ymartins/paprec_2024_revision/paprec_nx_workflow/work/8e/5d69f4eb8688b37c358743258426b4]
~> TaskHandler[id: 17; name: FeaturesExtraction_STEP:PROCESS_TransformDatasets (15); status: NEW; exit: -; error: -; workDir: /aloy/home/ymartins/paprec_2024_revision/paprec_nx_workflow/work/c7/8dc4a1f32762d5d728fbed92d94f84]
~> TaskHandler[id: 18; name: FeaturesExtraction_STEP:PROCESS_TransformDatasets (16); status: NEW; exit: -; error: -; workDir: /aloy/home/ymartins/paprec_2024_revision/paprec_nx_workflow/work/b4/212466f0b16a52208f22560c2bc545]
~> TaskHandler[id: 14; name: FeaturesExtraction_STEP:PROCESS_TransformDatasets (12); status: NEW; exit: -; error: -; workDir: /aloy/home/ymartins/paprec_2024_revision/paprec_nx_workflow/work/58/0a0f4f3a183e029cde05add1d76cdd]
.. remaining tasks omitted.
Oct-02 17:22:18.776 [Task monitor] DEBUG n.processor.TaskPollingMonitor - Task completed > TaskHandler[id: 4; name: FeaturesExtraction_STEP:PROCESS_TransformDatasets (2); status: COMPLETED; exit: 0; error: -; workDir: /aloy/home/ymartins/paprec_2024_revision/paprec_nx_workflow/work/11/bff788cadd87cda8b34a82490beaf7]
Oct-02 17:22:18.796 [Task submitter] DEBUG n.executor.local.LocalTaskHandler - Launch cmd line: /bin/bash -ue .command.run
Oct-02 17:22:18.797 [Task submitter] INFO  nextflow.Session - [a2/b4d6a1] Submitted process > FeaturesExtraction_STEP:PROCESS_TransformDatasets (3)
Oct-02 17:25:39.888 [Task monitor] DEBUG n.processor.TaskPollingMonitor - !! executor local > tasks to be completed: 1 -- submitted tasks are shown below
~> TaskHandler[id: 5; name: FeaturesExtraction_STEP:PROCESS_TransformDatasets (3); status: RUNNING; exit: -; error: -; workDir: /aloy/home/ymartins/paprec_2024_revision/paprec_nx_workflow/work/a2/b4d6a19f0adca678e9f92f10574d0e]
Oct-02 17:25:41.831 [Task submitter] DEBUG n.processor.TaskPollingMonitor - %% executor local > tasks in the submission queue: 20 -- tasks to be submitted are shown below
~> TaskHandler[id: 10; name: FeaturesExtraction_STEP:PROCESS_TransformDatasets (8); status: NEW; exit: -; error: -; workDir: /aloy/home/ymartins/paprec_2024_revision/paprec_nx_workflow/work/47/8a45464577528a0bc6d33ddf44de3b]
~> TaskHandler[id: 11; name: FeaturesExtraction_STEP:PROCESS_TransformDatasets (9); status: NEW; exit: -; error: -; workDir: /aloy/home/ymartins/paprec_2024_revision/paprec_nx_workflow/work/f6/c76a00e8b222799709afd7128f1107]
~> TaskHandler[id: 15; name: FeaturesExtraction_STEP:PROCESS_TransformDatasets (13); status: NEW; exit: -; error: -; workDir: /aloy/home/ymartins/paprec_2024_revision/paprec_nx_workflow/work/87/02f38a821161d59fdb7f89b29b1ca5]
~> TaskHandler[id: 8; name: FeaturesExtraction_STEP:PROCESS_TransformDatasets (6); status: NEW; exit: -; error: -; workDir: /aloy/home/ymartins/paprec_2024_revision/paprec_nx_workflow/work/1f/4929b7a96f4ad15ef36d2cf443abeb]
~> TaskHandler[id: 9; name: FeaturesExtraction_STEP:PROCESS_TransformDatasets (7); status: NEW; exit: -; error: -; workDir: /aloy/home/ymartins/paprec_2024_revision/paprec_nx_workflow/work/83/88489fe635f7d7cee9796822f57415]
~> TaskHandler[id: 16; name: FeaturesExtraction_STEP:PROCESS_TransformDatasets (14); status: NEW; exit: -; error: -; workDir: /aloy/home/ymartins/paprec_2024_revision/paprec_nx_workflow/work/8e/5d69f4eb8688b37c358743258426b4]
~> TaskHandler[id: 17; name: FeaturesExtraction_STEP:PROCESS_TransformDatasets (15); status: NEW; exit: -; error: -; workDir: /aloy/home/ymartins/paprec_2024_revision/paprec_nx_workflow/work/c7/8dc4a1f32762d5d728fbed92d94f84]
~> TaskHandler[id: 18; name: FeaturesExtraction_STEP:PROCESS_TransformDatasets (16); status: NEW; exit: -; error: -; workDir: /aloy/home/ymartins/paprec_2024_revision/paprec_nx_workflow/work/b4/212466f0b16a52208f22560c2bc545]
~> TaskHandler[id: 14; name: FeaturesExtraction_STEP:PROCESS_TransformDatasets (12); status: NEW; exit: -; error: -; workDir: /aloy/home/ymartins/paprec_2024_revision/paprec_nx_workflow/work/58/0a0f4f3a183e029cde05add1d76cdd]
~> TaskHandler[id: 19; name: FeaturesExtraction_STEP:PROCESS_TransformDatasets (17); status: NEW; exit: -; error: -; workDir: /aloy/home/ymartins/paprec_2024_revision/paprec_nx_workflow/work/9b/b2319b238206404864618ae903e097]
.. remaining tasks omitted.
Oct-02 17:28:54.037 [Task monitor] DEBUG n.processor.TaskPollingMonitor - Task completed > TaskHandler[id: 5; name: FeaturesExtraction_STEP:PROCESS_TransformDatasets (3); status: COMPLETED; exit: 0; error: -; workDir: /aloy/home/ymartins/paprec_2024_revision/paprec_nx_workflow/work/a2/b4d6a19f0adca678e9f92f10574d0e]
Oct-02 17:28:54.048 [Task submitter] DEBUG n.executor.local.LocalTaskHandler - Launch cmd line: /bin/bash -ue .command.run
Oct-02 17:28:54.048 [Task submitter] INFO  nextflow.Session - [47/8a4546] Submitted process > FeaturesExtraction_STEP:PROCESS_TransformDatasets (8)
Oct-02 17:30:39.950 [Task monitor] DEBUG n.processor.TaskPollingMonitor - !! executor local > tasks to be completed: 1 -- submitted tasks are shown below
~> TaskHandler[id: 10; name: FeaturesExtraction_STEP:PROCESS_TransformDatasets (8); status: RUNNING; exit: -; error: -; workDir: /aloy/home/ymartins/paprec_2024_revision/paprec_nx_workflow/work/47/8a45464577528a0bc6d33ddf44de3b]
Oct-02 17:30:42.066 [Task submitter] DEBUG n.processor.TaskPollingMonitor - %% executor local > tasks in the submission queue: 19 -- tasks to be submitted are shown below
~> TaskHandler[id: 11; name: FeaturesExtraction_STEP:PROCESS_TransformDatasets (9); status: NEW; exit: -; error: -; workDir: /aloy/home/ymartins/paprec_2024_revision/paprec_nx_workflow/work/f6/c76a00e8b222799709afd7128f1107]
~> TaskHandler[id: 15; name: FeaturesExtraction_STEP:PROCESS_TransformDatasets (13); status: NEW; exit: -; error: -; workDir: /aloy/home/ymartins/paprec_2024_revision/paprec_nx_workflow/work/87/02f38a821161d59fdb7f89b29b1ca5]
~> TaskHandler[id: 8; name: FeaturesExtraction_STEP:PROCESS_TransformDatasets (6); status: NEW; exit: -; error: -; workDir: /aloy/home/ymartins/paprec_2024_revision/paprec_nx_workflow/work/1f/4929b7a96f4ad15ef36d2cf443abeb]
~> TaskHandler[id: 9; name: FeaturesExtraction_STEP:PROCESS_TransformDatasets (7); status: NEW; exit: -; error: -; workDir: /aloy/home/ymartins/paprec_2024_revision/paprec_nx_workflow/work/83/88489fe635f7d7cee9796822f57415]
~> TaskHandler[id: 16; name: FeaturesExtraction_STEP:PROCESS_TransformDatasets (14); status: NEW; exit: -; error: -; workDir: /aloy/home/ymartins/paprec_2024_revision/paprec_nx_workflow/work/8e/5d69f4eb8688b37c358743258426b4]
~> TaskHandler[id: 17; name: FeaturesExtraction_STEP:PROCESS_TransformDatasets (15); status: NEW; exit: -; error: -; workDir: /aloy/home/ymartins/paprec_2024_revision/paprec_nx_workflow/work/c7/8dc4a1f32762d5d728fbed92d94f84]
~> TaskHandler[id: 18; name: FeaturesExtraction_STEP:PROCESS_TransformDatasets (16); status: NEW; exit: -; error: -; workDir: /aloy/home/ymartins/paprec_2024_revision/paprec_nx_workflow/work/b4/212466f0b16a52208f22560c2bc545]
~> TaskHandler[id: 14; name: FeaturesExtraction_STEP:PROCESS_TransformDatasets (12); status: NEW; exit: -; error: -; workDir: /aloy/home/ymartins/paprec_2024_revision/paprec_nx_workflow/work/58/0a0f4f3a183e029cde05add1d76cdd]
~> TaskHandler[id: 19; name: FeaturesExtraction_STEP:PROCESS_TransformDatasets (17); status: NEW; exit: -; error: -; workDir: /aloy/home/ymartins/paprec_2024_revision/paprec_nx_workflow/work/9b/b2319b238206404864618ae903e097]
~> TaskHandler[id: 13; name: FeaturesExtraction_STEP:PROCESS_TransformDatasets (11); status: NEW; exit: -; error: -; workDir: /aloy/home/ymartins/paprec_2024_revision/paprec_nx_workflow/work/cf/1a84c47bd87901705e78eb01aaacef]
.. remaining tasks omitted.
Oct-02 17:32:43.034 [Task monitor] DEBUG n.processor.TaskPollingMonitor - Task completed > TaskHandler[id: 10; name: FeaturesExtraction_STEP:PROCESS_TransformDatasets (8); status: COMPLETED; exit: 0; error: -; workDir: /aloy/home/ymartins/paprec_2024_revision/paprec_nx_workflow/work/47/8a45464577528a0bc6d33ddf44de3b]
Oct-02 17:32:43.075 [Task submitter] DEBUG n.executor.local.LocalTaskHandler - Launch cmd line: /bin/bash -ue .command.run
Oct-02 17:32:43.076 [Task submitter] INFO  nextflow.Session - [f6/c76a00] Submitted process > FeaturesExtraction_STEP:PROCESS_TransformDatasets (9)
Oct-02 17:35:39.972 [Task monitor] DEBUG n.processor.TaskPollingMonitor - !! executor local > tasks to be completed: 1 -- submitted tasks are shown below
~> TaskHandler[id: 11; name: FeaturesExtraction_STEP:PROCESS_TransformDatasets (9); status: RUNNING; exit: -; error: -; workDir: /aloy/home/ymartins/paprec_2024_revision/paprec_nx_workflow/work/f6/c76a00e8b222799709afd7128f1107]
Oct-02 17:35:42.126 [Task submitter] DEBUG n.processor.TaskPollingMonitor - %% executor local > tasks in the submission queue: 18 -- tasks to be submitted are shown below
~> TaskHandler[id: 15; name: FeaturesExtraction_STEP:PROCESS_TransformDatasets (13); status: NEW; exit: -; error: -; workDir: /aloy/home/ymartins/paprec_2024_revision/paprec_nx_workflow/work/87/02f38a821161d59fdb7f89b29b1ca5]
~> TaskHandler[id: 8; name: FeaturesExtraction_STEP:PROCESS_TransformDatasets (6); status: NEW; exit: -; error: -; workDir: /aloy/home/ymartins/paprec_2024_revision/paprec_nx_workflow/work/1f/4929b7a96f4ad15ef36d2cf443abeb]
~> TaskHandler[id: 9; name: FeaturesExtraction_STEP:PROCESS_TransformDatasets (7); status: NEW; exit: -; error: -; workDir: /aloy/home/ymartins/paprec_2024_revision/paprec_nx_workflow/work/83/88489fe635f7d7cee9796822f57415]
~> TaskHandler[id: 16; name: FeaturesExtraction_STEP:PROCESS_TransformDatasets (14); status: NEW; exit: -; error: -; workDir: /aloy/home/ymartins/paprec_2024_revision/paprec_nx_workflow/work/8e/5d69f4eb8688b37c358743258426b4]
~> TaskHandler[id: 17; name: FeaturesExtraction_STEP:PROCESS_TransformDatasets (15); status: NEW; exit: -; error: -; workDir: /aloy/home/ymartins/paprec_2024_revision/paprec_nx_workflow/work/c7/8dc4a1f32762d5d728fbed92d94f84]
~> TaskHandler[id: 18; name: FeaturesExtraction_STEP:PROCESS_TransformDatasets (16); status: NEW; exit: -; error: -; workDir: /aloy/home/ymartins/paprec_2024_revision/paprec_nx_workflow/work/b4/212466f0b16a52208f22560c2bc545]
~> TaskHandler[id: 14; name: FeaturesExtraction_STEP:PROCESS_TransformDatasets (12); status: NEW; exit: -; error: -; workDir: /aloy/home/ymartins/paprec_2024_revision/paprec_nx_workflow/work/58/0a0f4f3a183e029cde05add1d76cdd]
~> TaskHandler[id: 19; name: FeaturesExtraction_STEP:PROCESS_TransformDatasets (17); status: NEW; exit: -; error: -; workDir: /aloy/home/ymartins/paprec_2024_revision/paprec_nx_workflow/work/9b/b2319b238206404864618ae903e097]
~> TaskHandler[id: 13; name: FeaturesExtraction_STEP:PROCESS_TransformDatasets (11); status: NEW; exit: -; error: -; workDir: /aloy/home/ymartins/paprec_2024_revision/paprec_nx_workflow/work/cf/1a84c47bd87901705e78eb01aaacef]
~> TaskHandler[id: 23; name: FeaturesExtraction_STEP:PROCESS_TransformDatasets (21); status: NEW; exit: -; error: -; workDir: /aloy/home/ymartins/paprec_2024_revision/paprec_nx_workflow/work/f6/32863ba59469205d82281d222b19f3]
.. remaining tasks omitted.
Oct-02 17:40:40.044 [Task monitor] DEBUG n.processor.TaskPollingMonitor - !! executor local > tasks to be completed: 1 -- submitted tasks are shown below
~> TaskHandler[id: 11; name: FeaturesExtraction_STEP:PROCESS_TransformDatasets (9); status: RUNNING; exit: -; error: -; workDir: /aloy/home/ymartins/paprec_2024_revision/paprec_nx_workflow/work/f6/c76a00e8b222799709afd7128f1107]
Oct-02 17:40:42.181 [Task submitter] DEBUG n.processor.TaskPollingMonitor - %% executor local > tasks in the submission queue: 18 -- tasks to be submitted are shown below
~> TaskHandler[id: 15; name: FeaturesExtraction_STEP:PROCESS_TransformDatasets (13); status: NEW; exit: -; error: -; workDir: /aloy/home/ymartins/paprec_2024_revision/paprec_nx_workflow/work/87/02f38a821161d59fdb7f89b29b1ca5]
~> TaskHandler[id: 8; name: FeaturesExtraction_STEP:PROCESS_TransformDatasets (6); status: NEW; exit: -; error: -; workDir: /aloy/home/ymartins/paprec_2024_revision/paprec_nx_workflow/work/1f/4929b7a96f4ad15ef36d2cf443abeb]
~> TaskHandler[id: 9; name: FeaturesExtraction_STEP:PROCESS_TransformDatasets (7); status: NEW; exit: -; error: -; workDir: /aloy/home/ymartins/paprec_2024_revision/paprec_nx_workflow/work/83/88489fe635f7d7cee9796822f57415]
~> TaskHandler[id: 16; name: FeaturesExtraction_STEP:PROCESS_TransformDatasets (14); status: NEW; exit: -; error: -; workDir: /aloy/home/ymartins/paprec_2024_revision/paprec_nx_workflow/work/8e/5d69f4eb8688b37c358743258426b4]
~> TaskHandler[id: 17; name: FeaturesExtraction_STEP:PROCESS_TransformDatasets (15); status: NEW; exit: -; error: -; workDir: /aloy/home/ymartins/paprec_2024_revision/paprec_nx_workflow/work/c7/8dc4a1f32762d5d728fbed92d94f84]
~> TaskHandler[id: 18; name: FeaturesExtraction_STEP:PROCESS_TransformDatasets (16); status: NEW; exit: -; error: -; workDir: /aloy/home/ymartins/paprec_2024_revision/paprec_nx_workflow/work/b4/212466f0b16a52208f22560c2bc545]
~> TaskHandler[id: 14; name: FeaturesExtraction_STEP:PROCESS_TransformDatasets (12); status: NEW; exit: -; error: -; workDir: /aloy/home/ymartins/paprec_2024_revision/paprec_nx_workflow/work/58/0a0f4f3a183e029cde05add1d76cdd]
~> TaskHandler[id: 19; name: FeaturesExtraction_STEP:PROCESS_TransformDatasets (17); status: NEW; exit: -; error: -; workDir: /aloy/home/ymartins/paprec_2024_revision/paprec_nx_workflow/work/9b/b2319b238206404864618ae903e097]
~> TaskHandler[id: 13; name: FeaturesExtraction_STEP:PROCESS_TransformDatasets (11); status: NEW; exit: -; error: -; workDir: /aloy/home/ymartins/paprec_2024_revision/paprec_nx_workflow/work/cf/1a84c47bd87901705e78eb01aaacef]
~> TaskHandler[id: 23; name: FeaturesExtraction_STEP:PROCESS_TransformDatasets (21); status: NEW; exit: -; error: -; workDir: /aloy/home/ymartins/paprec_2024_revision/paprec_nx_workflow/work/f6/32863ba59469205d82281d222b19f3]
.. remaining tasks omitted.
Oct-02 17:41:47.725 [Task monitor] DEBUG n.processor.TaskPollingMonitor - Task completed > TaskHandler[id: 11; name: FeaturesExtraction_STEP:PROCESS_TransformDatasets (9); status: COMPLETED; exit: 0; error: -; workDir: /aloy/home/ymartins/paprec_2024_revision/paprec_nx_workflow/work/f6/c76a00e8b222799709afd7128f1107]
Oct-02 17:41:47.743 [Task submitter] DEBUG n.executor.local.LocalTaskHandler - Launch cmd line: /bin/bash -ue .command.run
Oct-02 17:41:47.744 [Task submitter] INFO  nextflow.Session - [87/02f38a] Submitted process > FeaturesExtraction_STEP:PROCESS_TransformDatasets (13)
Oct-02 17:45:25.463 [Task monitor] DEBUG n.processor.TaskPollingMonitor - Task completed > TaskHandler[id: 15; name: FeaturesExtraction_STEP:PROCESS_TransformDatasets (13); status: COMPLETED; exit: 0; error: -; workDir: /aloy/home/ymartins/paprec_2024_revision/paprec_nx_workflow/work/87/02f38a821161d59fdb7f89b29b1ca5]
Oct-02 17:45:25.503 [Task submitter] DEBUG n.executor.local.LocalTaskHandler - Launch cmd line: /bin/bash -ue .command.run
Oct-02 17:45:25.503 [Task submitter] INFO  nextflow.Session - [1f/4929b7] Submitted process > FeaturesExtraction_STEP:PROCESS_TransformDatasets (6)
Oct-02 17:45:40.083 [Task monitor] DEBUG n.processor.TaskPollingMonitor - !! executor local > tasks to be completed: 1 -- submitted tasks are shown below
~> TaskHandler[id: 8; name: FeaturesExtraction_STEP:PROCESS_TransformDatasets (6); status: RUNNING; exit: -; error: -; workDir: /aloy/home/ymartins/paprec_2024_revision/paprec_nx_workflow/work/1f/4929b7a96f4ad15ef36d2cf443abeb]
Oct-02 17:45:42.508 [Task submitter] DEBUG n.processor.TaskPollingMonitor - %% executor local > tasks in the submission queue: 16 -- tasks to be submitted are shown below
~> TaskHandler[id: 9; name: FeaturesExtraction_STEP:PROCESS_TransformDatasets (7); status: NEW; exit: -; error: -; workDir: /aloy/home/ymartins/paprec_2024_revision/paprec_nx_workflow/work/83/88489fe635f7d7cee9796822f57415]
~> TaskHandler[id: 16; name: FeaturesExtraction_STEP:PROCESS_TransformDatasets (14); status: NEW; exit: -; error: -; workDir: /aloy/home/ymartins/paprec_2024_revision/paprec_nx_workflow/work/8e/5d69f4eb8688b37c358743258426b4]
~> TaskHandler[id: 17; name: FeaturesExtraction_STEP:PROCESS_TransformDatasets (15); status: NEW; exit: -; error: -; workDir: /aloy/home/ymartins/paprec_2024_revision/paprec_nx_workflow/work/c7/8dc4a1f32762d5d728fbed92d94f84]
~> TaskHandler[id: 18; name: FeaturesExtraction_STEP:PROCESS_TransformDatasets (16); status: NEW; exit: -; error: -; workDir: /aloy/home/ymartins/paprec_2024_revision/paprec_nx_workflow/work/b4/212466f0b16a52208f22560c2bc545]
~> TaskHandler[id: 14; name: FeaturesExtraction_STEP:PROCESS_TransformDatasets (12); status: NEW; exit: -; error: -; workDir: /aloy/home/ymartins/paprec_2024_revision/paprec_nx_workflow/work/58/0a0f4f3a183e029cde05add1d76cdd]
~> TaskHandler[id: 19; name: FeaturesExtraction_STEP:PROCESS_TransformDatasets (17); status: NEW; exit: -; error: -; workDir: /aloy/home/ymartins/paprec_2024_revision/paprec_nx_workflow/work/9b/b2319b238206404864618ae903e097]
~> TaskHandler[id: 13; name: FeaturesExtraction_STEP:PROCESS_TransformDatasets (11); status: NEW; exit: -; error: -; workDir: /aloy/home/ymartins/paprec_2024_revision/paprec_nx_workflow/work/cf/1a84c47bd87901705e78eb01aaacef]
~> TaskHandler[id: 23; name: FeaturesExtraction_STEP:PROCESS_TransformDatasets (21); status: NEW; exit: -; error: -; workDir: /aloy/home/ymartins/paprec_2024_revision/paprec_nx_workflow/work/f6/32863ba59469205d82281d222b19f3]
~> TaskHandler[id: 12; name: FeaturesExtraction_STEP:PROCESS_TransformDatasets (10); status: NEW; exit: -; error: -; workDir: /aloy/home/ymartins/paprec_2024_revision/paprec_nx_workflow/work/06/0335792bc08be5b4ae437d1f9b4f58]
~> TaskHandler[id: 21; name: FeaturesExtraction_STEP:PROCESS_TransformDatasets (19); status: NEW; exit: -; error: -; workDir: /aloy/home/ymartins/paprec_2024_revision/paprec_nx_workflow/work/3b/52cc60e44dfc70dbb49af26be7c633]
.. remaining tasks omitted.
Oct-02 17:46:21.387 [Task monitor] DEBUG n.processor.TaskPollingMonitor - Task completed > TaskHandler[id: 8; name: FeaturesExtraction_STEP:PROCESS_TransformDatasets (6); status: COMPLETED; exit: 0; error: -; workDir: /aloy/home/ymartins/paprec_2024_revision/paprec_nx_workflow/work/1f/4929b7a96f4ad15ef36d2cf443abeb]
Oct-02 17:46:21.408 [Task submitter] DEBUG n.executor.local.LocalTaskHandler - Launch cmd line: /bin/bash -ue .command.run
Oct-02 17:46:21.408 [Task submitter] INFO  nextflow.Session - [83/88489f] Submitted process > FeaturesExtraction_STEP:PROCESS_TransformDatasets (7)
Oct-02 17:46:48.719 [Task monitor] DEBUG n.processor.TaskPollingMonitor - Task completed > TaskHandler[id: 9; name: FeaturesExtraction_STEP:PROCESS_TransformDatasets (7); status: COMPLETED; exit: 0; error: -; workDir: /aloy/home/ymartins/paprec_2024_revision/paprec_nx_workflow/work/83/88489fe635f7d7cee9796822f57415]
Oct-02 17:46:48.730 [Task submitter] DEBUG n.executor.local.LocalTaskHandler - Launch cmd line: /bin/bash -ue .command.run
Oct-02 17:46:48.730 [Task submitter] INFO  nextflow.Session - [8e/5d69f4] Submitted process > FeaturesExtraction_STEP:PROCESS_TransformDatasets (14)
Oct-02 17:49:27.972 [Task monitor] DEBUG n.processor.TaskPollingMonitor - Task completed > TaskHandler[id: 16; name: FeaturesExtraction_STEP:PROCESS_TransformDatasets (14); status: COMPLETED; exit: 0; error: -; workDir: /aloy/home/ymartins/paprec_2024_revision/paprec_nx_workflow/work/8e/5d69f4eb8688b37c358743258426b4]
Oct-02 17:49:28.017 [Task submitter] DEBUG n.executor.local.LocalTaskHandler - Launch cmd line: /bin/bash -ue .command.run
Oct-02 17:49:28.017 [Task submitter] INFO  nextflow.Session - [c7/8dc4a1] Submitted process > FeaturesExtraction_STEP:PROCESS_TransformDatasets (15)
Oct-02 17:50:40.148 [Task monitor] DEBUG n.processor.TaskPollingMonitor - !! executor local > tasks to be completed: 1 -- submitted tasks are shown below
~> TaskHandler[id: 17; name: FeaturesExtraction_STEP:PROCESS_TransformDatasets (15); status: RUNNING; exit: -; error: -; workDir: /aloy/home/ymartins/paprec_2024_revision/paprec_nx_workflow/work/c7/8dc4a1f32762d5d728fbed92d94f84]
Oct-02 17:50:43.030 [Task submitter] DEBUG n.processor.TaskPollingMonitor - %% executor local > tasks in the submission queue: 13 -- tasks to be submitted are shown below
~> TaskHandler[id: 18; name: FeaturesExtraction_STEP:PROCESS_TransformDatasets (16); status: NEW; exit: -; error: -; workDir: /aloy/home/ymartins/paprec_2024_revision/paprec_nx_workflow/work/b4/212466f0b16a52208f22560c2bc545]
~> TaskHandler[id: 14; name: FeaturesExtraction_STEP:PROCESS_TransformDatasets (12); status: NEW; exit: -; error: -; workDir: /aloy/home/ymartins/paprec_2024_revision/paprec_nx_workflow/work/58/0a0f4f3a183e029cde05add1d76cdd]
~> TaskHandler[id: 19; name: FeaturesExtraction_STEP:PROCESS_TransformDatasets (17); status: NEW; exit: -; error: -; workDir: /aloy/home/ymartins/paprec_2024_revision/paprec_nx_workflow/work/9b/b2319b238206404864618ae903e097]
~> TaskHandler[id: 13; name: FeaturesExtraction_STEP:PROCESS_TransformDatasets (11); status: NEW; exit: -; error: -; workDir: /aloy/home/ymartins/paprec_2024_revision/paprec_nx_workflow/work/cf/1a84c47bd87901705e78eb01aaacef]
~> TaskHandler[id: 23; name: FeaturesExtraction_STEP:PROCESS_TransformDatasets (21); status: NEW; exit: -; error: -; workDir: /aloy/home/ymartins/paprec_2024_revision/paprec_nx_workflow/work/f6/32863ba59469205d82281d222b19f3]
~> TaskHandler[id: 12; name: FeaturesExtraction_STEP:PROCESS_TransformDatasets (10); status: NEW; exit: -; error: -; workDir: /aloy/home/ymartins/paprec_2024_revision/paprec_nx_workflow/work/06/0335792bc08be5b4ae437d1f9b4f58]
~> TaskHandler[id: 21; name: FeaturesExtraction_STEP:PROCESS_TransformDatasets (19); status: NEW; exit: -; error: -; workDir: /aloy/home/ymartins/paprec_2024_revision/paprec_nx_workflow/work/3b/52cc60e44dfc70dbb49af26be7c633]
~> TaskHandler[id: 20; name: FeaturesExtraction_STEP:PROCESS_TransformDatasets (18); status: NEW; exit: -; error: -; workDir: /aloy/home/ymartins/paprec_2024_revision/paprec_nx_workflow/work/c5/5621865ac4d51d4387e2e1df58a64c]
~> TaskHandler[id: 26; name: FeaturesExtraction_STEP:PROCESS_TransformDatasets (24); status: NEW; exit: -; error: -; workDir: /aloy/home/ymartins/paprec_2024_revision/paprec_nx_workflow/work/34/a70cc51c8cb10c1244d00d1e210b2d]
~> TaskHandler[id: 24; name: FeaturesExtraction_STEP:PROCESS_TransformDatasets (22); status: NEW; exit: -; error: -; workDir: /aloy/home/ymartins/paprec_2024_revision/paprec_nx_workflow/work/cd/bc0eb0cb1367c2d73348c51f5204c0]
.. remaining tasks omitted.
Oct-02 17:51:25.081 [Task monitor] DEBUG n.processor.TaskPollingMonitor - Task completed > TaskHandler[id: 17; name: FeaturesExtraction_STEP:PROCESS_TransformDatasets (15); status: COMPLETED; exit: 0; error: -; workDir: /aloy/home/ymartins/paprec_2024_revision/paprec_nx_workflow/work/c7/8dc4a1f32762d5d728fbed92d94f84]
Oct-02 17:51:25.152 [Task submitter] DEBUG n.executor.local.LocalTaskHandler - Launch cmd line: /bin/bash -ue .command.run
Oct-02 17:51:25.152 [Task submitter] INFO  nextflow.Session - [b4/212466] Submitted process > FeaturesExtraction_STEP:PROCESS_TransformDatasets (16)
Oct-02 17:55:40.185 [Task monitor] DEBUG n.processor.TaskPollingMonitor - !! executor local > tasks to be completed: 1 -- submitted tasks are shown below
~> TaskHandler[id: 18; name: FeaturesExtraction_STEP:PROCESS_TransformDatasets (16); status: RUNNING; exit: -; error: -; workDir: /aloy/home/ymartins/paprec_2024_revision/paprec_nx_workflow/work/b4/212466f0b16a52208f22560c2bc545]
Oct-02 17:55:43.191 [Task submitter] DEBUG n.processor.TaskPollingMonitor - %% executor local > tasks in the submission queue: 12 -- tasks to be submitted are shown below
~> TaskHandler[id: 14; name: FeaturesExtraction_STEP:PROCESS_TransformDatasets (12); status: NEW; exit: -; error: -; workDir: /aloy/home/ymartins/paprec_2024_revision/paprec_nx_workflow/work/58/0a0f4f3a183e029cde05add1d76cdd]
~> TaskHandler[id: 19; name: FeaturesExtraction_STEP:PROCESS_TransformDatasets (17); status: NEW; exit: -; error: -; workDir: /aloy/home/ymartins/paprec_2024_revision/paprec_nx_workflow/work/9b/b2319b238206404864618ae903e097]
~> TaskHandler[id: 13; name: FeaturesExtraction_STEP:PROCESS_TransformDatasets (11); status: NEW; exit: -; error: -; workDir: /aloy/home/ymartins/paprec_2024_revision/paprec_nx_workflow/work/cf/1a84c47bd87901705e78eb01aaacef]
~> TaskHandler[id: 23; name: FeaturesExtraction_STEP:PROCESS_TransformDatasets (21); status: NEW; exit: -; error: -; workDir: /aloy/home/ymartins/paprec_2024_revision/paprec_nx_workflow/work/f6/32863ba59469205d82281d222b19f3]
~> TaskHandler[id: 12; name: FeaturesExtraction_STEP:PROCESS_TransformDatasets (10); status: NEW; exit: -; error: -; workDir: /aloy/home/ymartins/paprec_2024_revision/paprec_nx_workflow/work/06/0335792bc08be5b4ae437d1f9b4f58]
~> TaskHandler[id: 21; name: FeaturesExtraction_STEP:PROCESS_TransformDatasets (19); status: NEW; exit: -; error: -; workDir: /aloy/home/ymartins/paprec_2024_revision/paprec_nx_workflow/work/3b/52cc60e44dfc70dbb49af26be7c633]
~> TaskHandler[id: 20; name: FeaturesExtraction_STEP:PROCESS_TransformDatasets (18); status: NEW; exit: -; error: -; workDir: /aloy/home/ymartins/paprec_2024_revision/paprec_nx_workflow/work/c5/5621865ac4d51d4387e2e1df58a64c]
~> TaskHandler[id: 26; name: FeaturesExtraction_STEP:PROCESS_TransformDatasets (24); status: NEW; exit: -; error: -; workDir: /aloy/home/ymartins/paprec_2024_revision/paprec_nx_workflow/work/34/a70cc51c8cb10c1244d00d1e210b2d]
~> TaskHandler[id: 24; name: FeaturesExtraction_STEP:PROCESS_TransformDatasets (22); status: NEW; exit: -; error: -; workDir: /aloy/home/ymartins/paprec_2024_revision/paprec_nx_workflow/work/cd/bc0eb0cb1367c2d73348c51f5204c0]
~> TaskHandler[id: 25; name: FeaturesExtraction_STEP:PROCESS_TransformDatasets (23); status: NEW; exit: -; error: -; workDir: /aloy/home/ymartins/paprec_2024_revision/paprec_nx_workflow/work/24/44aba9f36c6c7f8979c27dbf7455b9]
.. remaining tasks omitted.
Oct-02 17:55:50.840 [Task monitor] DEBUG n.processor.TaskPollingMonitor - Task completed > TaskHandler[id: 18; name: FeaturesExtraction_STEP:PROCESS_TransformDatasets (16); status: COMPLETED; exit: 0; error: -; workDir: /aloy/home/ymartins/paprec_2024_revision/paprec_nx_workflow/work/b4/212466f0b16a52208f22560c2bc545]
Oct-02 17:55:50.857 [Task submitter] DEBUG n.executor.local.LocalTaskHandler - Launch cmd line: /bin/bash -ue .command.run
Oct-02 17:55:50.857 [Task submitter] INFO  nextflow.Session - [58/0a0f4f] Submitted process > FeaturesExtraction_STEP:PROCESS_TransformDatasets (12)
Oct-02 17:57:15.060 [Task monitor] DEBUG n.processor.TaskPollingMonitor - Task completed > TaskHandler[id: 14; name: FeaturesExtraction_STEP:PROCESS_TransformDatasets (12); status: COMPLETED; exit: 0; error: -; workDir: /aloy/home/ymartins/paprec_2024_revision/paprec_nx_workflow/work/58/0a0f4f3a183e029cde05add1d76cdd]
Oct-02 17:57:15.136 [Task submitter] DEBUG n.executor.local.LocalTaskHandler - Launch cmd line: /bin/bash -ue .command.run
Oct-02 17:57:15.136 [Task submitter] INFO  nextflow.Session - [9b/b2319b] Submitted process > FeaturesExtraction_STEP:PROCESS_TransformDatasets (17)
Oct-02 18:00:40.220 [Task monitor] DEBUG n.processor.TaskPollingMonitor - !! executor local > tasks to be completed: 1 -- submitted tasks are shown below
~> TaskHandler[id: 19; name: FeaturesExtraction_STEP:PROCESS_TransformDatasets (17); status: RUNNING; exit: -; error: -; workDir: /aloy/home/ymartins/paprec_2024_revision/paprec_nx_workflow/work/9b/b2319b238206404864618ae903e097]
Oct-02 18:00:44.168 [Task submitter] DEBUG n.processor.TaskPollingMonitor - %% executor local > tasks in the submission queue: 10 -- tasks to be submitted are shown below
~> TaskHandler[id: 13; name: FeaturesExtraction_STEP:PROCESS_TransformDatasets (11); status: NEW; exit: -; error: -; workDir: /aloy/home/ymartins/paprec_2024_revision/paprec_nx_workflow/work/cf/1a84c47bd87901705e78eb01aaacef]
~> TaskHandler[id: 23; name: FeaturesExtraction_STEP:PROCESS_TransformDatasets (21); status: NEW; exit: -; error: -; workDir: /aloy/home/ymartins/paprec_2024_revision/paprec_nx_workflow/work/f6/32863ba59469205d82281d222b19f3]
~> TaskHandler[id: 12; name: FeaturesExtraction_STEP:PROCESS_TransformDatasets (10); status: NEW; exit: -; error: -; workDir: /aloy/home/ymartins/paprec_2024_revision/paprec_nx_workflow/work/06/0335792bc08be5b4ae437d1f9b4f58]
~> TaskHandler[id: 21; name: FeaturesExtraction_STEP:PROCESS_TransformDatasets (19); status: NEW; exit: -; error: -; workDir: /aloy/home/ymartins/paprec_2024_revision/paprec_nx_workflow/work/3b/52cc60e44dfc70dbb49af26be7c633]
~> TaskHandler[id: 20; name: FeaturesExtraction_STEP:PROCESS_TransformDatasets (18); status: NEW; exit: -; error: -; workDir: /aloy/home/ymartins/paprec_2024_revision/paprec_nx_workflow/work/c5/5621865ac4d51d4387e2e1df58a64c]
~> TaskHandler[id: 26; name: FeaturesExtraction_STEP:PROCESS_TransformDatasets (24); status: NEW; exit: -; error: -; workDir: /aloy/home/ymartins/paprec_2024_revision/paprec_nx_workflow/work/34/a70cc51c8cb10c1244d00d1e210b2d]
~> TaskHandler[id: 24; name: FeaturesExtraction_STEP:PROCESS_TransformDatasets (22); status: NEW; exit: -; error: -; workDir: /aloy/home/ymartins/paprec_2024_revision/paprec_nx_workflow/work/cd/bc0eb0cb1367c2d73348c51f5204c0]
~> TaskHandler[id: 25; name: FeaturesExtraction_STEP:PROCESS_TransformDatasets (23); status: NEW; exit: -; error: -; workDir: /aloy/home/ymartins/paprec_2024_revision/paprec_nx_workflow/work/24/44aba9f36c6c7f8979c27dbf7455b9]
~> TaskHandler[id: 22; name: FeaturesExtraction_STEP:PROCESS_TransformDatasets (20); status: NEW; exit: -; error: -; workDir: /aloy/home/ymartins/paprec_2024_revision/paprec_nx_workflow/work/d1/0abef3a1325b7bd269329a53a88cba]
~> TaskHandler[id: 6; name: FeaturesExtraction_STEP:PROCESS_TransformDatasets (4); status: NEW; exit: -; error: -; workDir: /aloy/home/ymartins/paprec_2024_revision/paprec_nx_workflow/work/98/03cb2a3dd4e91a6c94a8cc8734f85c]
Oct-02 18:03:20.113 [Task monitor] DEBUG n.processor.TaskPollingMonitor - Task completed > TaskHandler[id: 19; name: FeaturesExtraction_STEP:PROCESS_TransformDatasets (17); status: COMPLETED; exit: 0; error: -; workDir: /aloy/home/ymartins/paprec_2024_revision/paprec_nx_workflow/work/9b/b2319b238206404864618ae903e097]
Oct-02 18:03:20.135 [Task submitter] DEBUG n.executor.local.LocalTaskHandler - Launch cmd line: /bin/bash -ue .command.run
Oct-02 18:03:20.136 [Task submitter] INFO  nextflow.Session - [cf/1a84c4] Submitted process > FeaturesExtraction_STEP:PROCESS_TransformDatasets (11)
Oct-02 18:05:16.649 [Task monitor] DEBUG n.processor.TaskPollingMonitor - Task completed > TaskHandler[id: 13; name: FeaturesExtraction_STEP:PROCESS_TransformDatasets (11); status: COMPLETED; exit: 0; error: -; workDir: /aloy/home/ymartins/paprec_2024_revision/paprec_nx_workflow/work/cf/1a84c47bd87901705e78eb01aaacef]
Oct-02 18:05:16.666 [Task submitter] DEBUG n.executor.local.LocalTaskHandler - Launch cmd line: /bin/bash -ue .command.run
Oct-02 18:05:16.666 [Task submitter] INFO  nextflow.Session - [f6/32863b] Submitted process > FeaturesExtraction_STEP:PROCESS_TransformDatasets (21)
Oct-02 18:05:40.285 [Task monitor] DEBUG n.processor.TaskPollingMonitor - !! executor local > tasks to be completed: 1 -- submitted tasks are shown below
~> TaskHandler[id: 23; name: FeaturesExtraction_STEP:PROCESS_TransformDatasets (21); status: RUNNING; exit: -; error: -; workDir: /aloy/home/ymartins/paprec_2024_revision/paprec_nx_workflow/work/f6/32863ba59469205d82281d222b19f3]
Oct-02 18:05:44.672 [Task submitter] DEBUG n.processor.TaskPollingMonitor - %% executor local > tasks in the submission queue: 8 -- tasks to be submitted are shown below
~> TaskHandler[id: 12; name: FeaturesExtraction_STEP:PROCESS_TransformDatasets (10); status: NEW; exit: -; error: -; workDir: /aloy/home/ymartins/paprec_2024_revision/paprec_nx_workflow/work/06/0335792bc08be5b4ae437d1f9b4f58]
~> TaskHandler[id: 21; name: FeaturesExtraction_STEP:PROCESS_TransformDatasets (19); status: NEW; exit: -; error: -; workDir: /aloy/home/ymartins/paprec_2024_revision/paprec_nx_workflow/work/3b/52cc60e44dfc70dbb49af26be7c633]
~> TaskHandler[id: 20; name: FeaturesExtraction_STEP:PROCESS_TransformDatasets (18); status: NEW; exit: -; error: -; workDir: /aloy/home/ymartins/paprec_2024_revision/paprec_nx_workflow/work/c5/5621865ac4d51d4387e2e1df58a64c]
~> TaskHandler[id: 26; name: FeaturesExtraction_STEP:PROCESS_TransformDatasets (24); status: NEW; exit: -; error: -; workDir: /aloy/home/ymartins/paprec_2024_revision/paprec_nx_workflow/work/34/a70cc51c8cb10c1244d00d1e210b2d]
~> TaskHandler[id: 24; name: FeaturesExtraction_STEP:PROCESS_TransformDatasets (22); status: NEW; exit: -; error: -; workDir: /aloy/home/ymartins/paprec_2024_revision/paprec_nx_workflow/work/cd/bc0eb0cb1367c2d73348c51f5204c0]
~> TaskHandler[id: 25; name: FeaturesExtraction_STEP:PROCESS_TransformDatasets (23); status: NEW; exit: -; error: -; workDir: /aloy/home/ymartins/paprec_2024_revision/paprec_nx_workflow/work/24/44aba9f36c6c7f8979c27dbf7455b9]
~> TaskHandler[id: 22; name: FeaturesExtraction_STEP:PROCESS_TransformDatasets (20); status: NEW; exit: -; error: -; workDir: /aloy/home/ymartins/paprec_2024_revision/paprec_nx_workflow/work/d1/0abef3a1325b7bd269329a53a88cba]
~> TaskHandler[id: 6; name: FeaturesExtraction_STEP:PROCESS_TransformDatasets (4); status: NEW; exit: -; error: -; workDir: /aloy/home/ymartins/paprec_2024_revision/paprec_nx_workflow/work/98/03cb2a3dd4e91a6c94a8cc8734f85c]
Oct-02 18:05:59.610 [Task monitor] DEBUG n.processor.TaskPollingMonitor - Task completed > TaskHandler[id: 23; name: FeaturesExtraction_STEP:PROCESS_TransformDatasets (21); status: COMPLETED; exit: 0; error: -; workDir: /aloy/home/ymartins/paprec_2024_revision/paprec_nx_workflow/work/f6/32863ba59469205d82281d222b19f3]
Oct-02 18:05:59.635 [Task submitter] DEBUG n.executor.local.LocalTaskHandler - Launch cmd line: /bin/bash -ue .command.run
Oct-02 18:05:59.635 [Task submitter] INFO  nextflow.Session - [06/033579] Submitted process > FeaturesExtraction_STEP:PROCESS_TransformDatasets (10)
Oct-02 18:08:15.925 [Task monitor] DEBUG n.processor.TaskPollingMonitor - Task completed > TaskHandler[id: 12; name: FeaturesExtraction_STEP:PROCESS_TransformDatasets (10); status: COMPLETED; exit: 0; error: -; workDir: /aloy/home/ymartins/paprec_2024_revision/paprec_nx_workflow/work/06/0335792bc08be5b4ae437d1f9b4f58]
Oct-02 18:08:15.977 [Task submitter] DEBUG n.executor.local.LocalTaskHandler - Launch cmd line: /bin/bash -ue .command.run
Oct-02 18:08:15.978 [Task submitter] INFO  nextflow.Session - [3b/52cc60] Submitted process > FeaturesExtraction_STEP:PROCESS_TransformDatasets (19)
Oct-02 18:10:40.296 [Task monitor] DEBUG n.processor.TaskPollingMonitor - !! executor local > tasks to be completed: 1 -- submitted tasks are shown below
~> TaskHandler[id: 21; name: FeaturesExtraction_STEP:PROCESS_TransformDatasets (19); status: RUNNING; exit: -; error: -; workDir: /aloy/home/ymartins/paprec_2024_revision/paprec_nx_workflow/work/3b/52cc60e44dfc70dbb49af26be7c633]
Oct-02 18:10:45.001 [Task submitter] DEBUG n.processor.TaskPollingMonitor - %% executor local > tasks in the submission queue: 6 -- tasks to be submitted are shown below
~> TaskHandler[id: 20; name: FeaturesExtraction_STEP:PROCESS_TransformDatasets (18); status: NEW; exit: -; error: -; workDir: /aloy/home/ymartins/paprec_2024_revision/paprec_nx_workflow/work/c5/5621865ac4d51d4387e2e1df58a64c]
~> TaskHandler[id: 26; name: FeaturesExtraction_STEP:PROCESS_TransformDatasets (24); status: NEW; exit: -; error: -; workDir: /aloy/home/ymartins/paprec_2024_revision/paprec_nx_workflow/work/34/a70cc51c8cb10c1244d00d1e210b2d]
~> TaskHandler[id: 24; name: FeaturesExtraction_STEP:PROCESS_TransformDatasets (22); status: NEW; exit: -; error: -; workDir: /aloy/home/ymartins/paprec_2024_revision/paprec_nx_workflow/work/cd/bc0eb0cb1367c2d73348c51f5204c0]
~> TaskHandler[id: 25; name: FeaturesExtraction_STEP:PROCESS_TransformDatasets (23); status: NEW; exit: -; error: -; workDir: /aloy/home/ymartins/paprec_2024_revision/paprec_nx_workflow/work/24/44aba9f36c6c7f8979c27dbf7455b9]
~> TaskHandler[id: 22; name: FeaturesExtraction_STEP:PROCESS_TransformDatasets (20); status: NEW; exit: -; error: -; workDir: /aloy/home/ymartins/paprec_2024_revision/paprec_nx_workflow/work/d1/0abef3a1325b7bd269329a53a88cba]
~> TaskHandler[id: 6; name: FeaturesExtraction_STEP:PROCESS_TransformDatasets (4); status: NEW; exit: -; error: -; workDir: /aloy/home/ymartins/paprec_2024_revision/paprec_nx_workflow/work/98/03cb2a3dd4e91a6c94a8cc8734f85c]
Oct-02 18:15:40.356 [Task monitor] DEBUG n.processor.TaskPollingMonitor - !! executor local > tasks to be completed: 1 -- submitted tasks are shown below
~> TaskHandler[id: 21; name: FeaturesExtraction_STEP:PROCESS_TransformDatasets (19); status: RUNNING; exit: -; error: -; workDir: /aloy/home/ymartins/paprec_2024_revision/paprec_nx_workflow/work/3b/52cc60e44dfc70dbb49af26be7c633]
Oct-02 18:15:45.043 [Task submitter] DEBUG n.processor.TaskPollingMonitor - %% executor local > tasks in the submission queue: 6 -- tasks to be submitted are shown below
~> TaskHandler[id: 20; name: FeaturesExtraction_STEP:PROCESS_TransformDatasets (18); status: NEW; exit: -; error: -; workDir: /aloy/home/ymartins/paprec_2024_revision/paprec_nx_workflow/work/c5/5621865ac4d51d4387e2e1df58a64c]
~> TaskHandler[id: 26; name: FeaturesExtraction_STEP:PROCESS_TransformDatasets (24); status: NEW; exit: -; error: -; workDir: /aloy/home/ymartins/paprec_2024_revision/paprec_nx_workflow/work/34/a70cc51c8cb10c1244d00d1e210b2d]
~> TaskHandler[id: 24; name: FeaturesExtraction_STEP:PROCESS_TransformDatasets (22); status: NEW; exit: -; error: -; workDir: /aloy/home/ymartins/paprec_2024_revision/paprec_nx_workflow/work/cd/bc0eb0cb1367c2d73348c51f5204c0]
~> TaskHandler[id: 25; name: FeaturesExtraction_STEP:PROCESS_TransformDatasets (23); status: NEW; exit: -; error: -; workDir: /aloy/home/ymartins/paprec_2024_revision/paprec_nx_workflow/work/24/44aba9f36c6c7f8979c27dbf7455b9]
~> TaskHandler[id: 22; name: FeaturesExtraction_STEP:PROCESS_TransformDatasets (20); status: NEW; exit: -; error: -; workDir: /aloy/home/ymartins/paprec_2024_revision/paprec_nx_workflow/work/d1/0abef3a1325b7bd269329a53a88cba]
~> TaskHandler[id: 6; name: FeaturesExtraction_STEP:PROCESS_TransformDatasets (4); status: NEW; exit: -; error: -; workDir: /aloy/home/ymartins/paprec_2024_revision/paprec_nx_workflow/work/98/03cb2a3dd4e91a6c94a8cc8734f85c]
Oct-02 18:19:05.541 [Task monitor] DEBUG n.processor.TaskPollingMonitor - Task completed > TaskHandler[id: 21; name: FeaturesExtraction_STEP:PROCESS_TransformDatasets (19); status: COMPLETED; exit: 0; error: -; workDir: /aloy/home/ymartins/paprec_2024_revision/paprec_nx_workflow/work/3b/52cc60e44dfc70dbb49af26be7c633]
Oct-02 18:19:05.588 [Task submitter] DEBUG n.executor.local.LocalTaskHandler - Launch cmd line: /bin/bash -ue .command.run
Oct-02 18:19:05.588 [Task submitter] INFO  nextflow.Session - [c5/562186] Submitted process > FeaturesExtraction_STEP:PROCESS_TransformDatasets (18)
Oct-02 18:20:40.454 [Task monitor] DEBUG n.processor.TaskPollingMonitor - !! executor local > tasks to be completed: 1 -- submitted tasks are shown below
~> TaskHandler[id: 20; name: FeaturesExtraction_STEP:PROCESS_TransformDatasets (18); status: RUNNING; exit: -; error: -; workDir: /aloy/home/ymartins/paprec_2024_revision/paprec_nx_workflow/work/c5/5621865ac4d51d4387e2e1df58a64c]
Oct-02 18:20:45.604 [Task submitter] DEBUG n.processor.TaskPollingMonitor - %% executor local > tasks in the submission queue: 5 -- tasks to be submitted are shown below
~> TaskHandler[id: 26; name: FeaturesExtraction_STEP:PROCESS_TransformDatasets (24); status: NEW; exit: -; error: -; workDir: /aloy/home/ymartins/paprec_2024_revision/paprec_nx_workflow/work/34/a70cc51c8cb10c1244d00d1e210b2d]
~> TaskHandler[id: 24; name: FeaturesExtraction_STEP:PROCESS_TransformDatasets (22); status: NEW; exit: -; error: -; workDir: /aloy/home/ymartins/paprec_2024_revision/paprec_nx_workflow/work/cd/bc0eb0cb1367c2d73348c51f5204c0]
~> TaskHandler[id: 25; name: FeaturesExtraction_STEP:PROCESS_TransformDatasets (23); status: NEW; exit: -; error: -; workDir: /aloy/home/ymartins/paprec_2024_revision/paprec_nx_workflow/work/24/44aba9f36c6c7f8979c27dbf7455b9]
~> TaskHandler[id: 22; name: FeaturesExtraction_STEP:PROCESS_TransformDatasets (20); status: NEW; exit: -; error: -; workDir: /aloy/home/ymartins/paprec_2024_revision/paprec_nx_workflow/work/d1/0abef3a1325b7bd269329a53a88cba]
~> TaskHandler[id: 6; name: FeaturesExtraction_STEP:PROCESS_TransformDatasets (4); status: NEW; exit: -; error: -; workDir: /aloy/home/ymartins/paprec_2024_revision/paprec_nx_workflow/work/98/03cb2a3dd4e91a6c94a8cc8734f85c]
Oct-02 18:23:58.066 [Task monitor] DEBUG n.processor.TaskPollingMonitor - Task completed > TaskHandler[id: 20; name: FeaturesExtraction_STEP:PROCESS_TransformDatasets (18); status: COMPLETED; exit: 0; error: -; workDir: /aloy/home/ymartins/paprec_2024_revision/paprec_nx_workflow/work/c5/5621865ac4d51d4387e2e1df58a64c]
Oct-02 18:23:58.090 [Task submitter] DEBUG n.executor.local.LocalTaskHandler - Launch cmd line: /bin/bash -ue .command.run
Oct-02 18:23:58.090 [Task submitter] INFO  nextflow.Session - [34/a70cc5] Submitted process > FeaturesExtraction_STEP:PROCESS_TransformDatasets (24)
Oct-02 18:25:40.494 [Task monitor] DEBUG n.processor.TaskPollingMonitor - !! executor local > tasks to be completed: 1 -- submitted tasks are shown below
~> TaskHandler[id: 26; name: FeaturesExtraction_STEP:PROCESS_TransformDatasets (24); status: RUNNING; exit: -; error: -; workDir: /aloy/home/ymartins/paprec_2024_revision/paprec_nx_workflow/work/34/a70cc51c8cb10c1244d00d1e210b2d]
Oct-02 18:25:46.108 [Task submitter] DEBUG n.processor.TaskPollingMonitor - %% executor local > tasks in the submission queue: 4 -- tasks to be submitted are shown below
~> TaskHandler[id: 24; name: FeaturesExtraction_STEP:PROCESS_TransformDatasets (22); status: NEW; exit: -; error: -; workDir: /aloy/home/ymartins/paprec_2024_revision/paprec_nx_workflow/work/cd/bc0eb0cb1367c2d73348c51f5204c0]
~> TaskHandler[id: 25; name: FeaturesExtraction_STEP:PROCESS_TransformDatasets (23); status: NEW; exit: -; error: -; workDir: /aloy/home/ymartins/paprec_2024_revision/paprec_nx_workflow/work/24/44aba9f36c6c7f8979c27dbf7455b9]
~> TaskHandler[id: 22; name: FeaturesExtraction_STEP:PROCESS_TransformDatasets (20); status: NEW; exit: -; error: -; workDir: /aloy/home/ymartins/paprec_2024_revision/paprec_nx_workflow/work/d1/0abef3a1325b7bd269329a53a88cba]
~> TaskHandler[id: 6; name: FeaturesExtraction_STEP:PROCESS_TransformDatasets (4); status: NEW; exit: -; error: -; workDir: /aloy/home/ymartins/paprec_2024_revision/paprec_nx_workflow/work/98/03cb2a3dd4e91a6c94a8cc8734f85c]
Oct-02 18:29:30.725 [Task monitor] DEBUG n.processor.TaskPollingMonitor - Task completed > TaskHandler[id: 26; name: FeaturesExtraction_STEP:PROCESS_TransformDatasets (24); status: COMPLETED; exit: 0; error: -; workDir: /aloy/home/ymartins/paprec_2024_revision/paprec_nx_workflow/work/34/a70cc51c8cb10c1244d00d1e210b2d]
Oct-02 18:29:30.755 [Task submitter] DEBUG n.executor.local.LocalTaskHandler - Launch cmd line: /bin/bash -ue .command.run
Oct-02 18:29:30.756 [Task submitter] INFO  nextflow.Session - [cd/bc0eb0] Submitted process > FeaturesExtraction_STEP:PROCESS_TransformDatasets (22)
Oct-02 18:30:40.524 [Task monitor] DEBUG n.processor.TaskPollingMonitor - !! executor local > tasks to be completed: 1 -- submitted tasks are shown below
~> TaskHandler[id: 24; name: FeaturesExtraction_STEP:PROCESS_TransformDatasets (22); status: RUNNING; exit: -; error: -; workDir: /aloy/home/ymartins/paprec_2024_revision/paprec_nx_workflow/work/cd/bc0eb0cb1367c2d73348c51f5204c0]
Oct-02 18:30:46.770 [Task submitter] DEBUG n.processor.TaskPollingMonitor - %% executor local > tasks in the submission queue: 3 -- tasks to be submitted are shown below
~> TaskHandler[id: 25; name: FeaturesExtraction_STEP:PROCESS_TransformDatasets (23); status: NEW; exit: -; error: -; workDir: /aloy/home/ymartins/paprec_2024_revision/paprec_nx_workflow/work/24/44aba9f36c6c7f8979c27dbf7455b9]
~> TaskHandler[id: 22; name: FeaturesExtraction_STEP:PROCESS_TransformDatasets (20); status: NEW; exit: -; error: -; workDir: /aloy/home/ymartins/paprec_2024_revision/paprec_nx_workflow/work/d1/0abef3a1325b7bd269329a53a88cba]
~> TaskHandler[id: 6; name: FeaturesExtraction_STEP:PROCESS_TransformDatasets (4); status: NEW; exit: -; error: -; workDir: /aloy/home/ymartins/paprec_2024_revision/paprec_nx_workflow/work/98/03cb2a3dd4e91a6c94a8cc8734f85c]
Oct-02 18:34:30.587 [Task monitor] DEBUG n.processor.TaskPollingMonitor - Task completed > TaskHandler[id: 24; name: FeaturesExtraction_STEP:PROCESS_TransformDatasets (22); status: COMPLETED; exit: 0; error: -; workDir: /aloy/home/ymartins/paprec_2024_revision/paprec_nx_workflow/work/cd/bc0eb0cb1367c2d73348c51f5204c0]
Oct-02 18:34:30.686 [Task submitter] DEBUG n.executor.local.LocalTaskHandler - Launch cmd line: /bin/bash -ue .command.run
Oct-02 18:34:30.686 [Task submitter] INFO  nextflow.Session - [24/44aba9] Submitted process > FeaturesExtraction_STEP:PROCESS_TransformDatasets (23)
Oct-02 18:35:40.623 [Task monitor] DEBUG n.processor.TaskPollingMonitor - !! executor local > tasks to be completed: 1 -- submitted tasks are shown below
~> TaskHandler[id: 25; name: FeaturesExtraction_STEP:PROCESS_TransformDatasets (23); status: RUNNING; exit: -; error: -; workDir: /aloy/home/ymartins/paprec_2024_revision/paprec_nx_workflow/work/24/44aba9f36c6c7f8979c27dbf7455b9]
Oct-02 18:35:47.703 [Task submitter] DEBUG n.processor.TaskPollingMonitor - %% executor local > tasks in the submission queue: 2 -- tasks to be submitted are shown below
~> TaskHandler[id: 22; name: FeaturesExtraction_STEP:PROCESS_TransformDatasets (20); status: NEW; exit: -; error: -; workDir: /aloy/home/ymartins/paprec_2024_revision/paprec_nx_workflow/work/d1/0abef3a1325b7bd269329a53a88cba]
~> TaskHandler[id: 6; name: FeaturesExtraction_STEP:PROCESS_TransformDatasets (4); status: NEW; exit: -; error: -; workDir: /aloy/home/ymartins/paprec_2024_revision/paprec_nx_workflow/work/98/03cb2a3dd4e91a6c94a8cc8734f85c]
Oct-02 18:35:56.331 [Task monitor] DEBUG n.processor.TaskPollingMonitor - Task completed > TaskHandler[id: 25; name: FeaturesExtraction_STEP:PROCESS_TransformDatasets (23); status: COMPLETED; exit: 0; error: -; workDir: /aloy/home/ymartins/paprec_2024_revision/paprec_nx_workflow/work/24/44aba9f36c6c7f8979c27dbf7455b9]
Oct-02 18:35:56.445 [Task submitter] DEBUG n.executor.local.LocalTaskHandler - Launch cmd line: /bin/bash -ue .command.run
Oct-02 18:35:56.445 [Task submitter] INFO  nextflow.Session - [d1/0abef3] Submitted process > FeaturesExtraction_STEP:PROCESS_TransformDatasets (20)
Oct-02 18:38:18.354 [Task monitor] DEBUG n.processor.TaskPollingMonitor - Task completed > TaskHandler[id: 22; name: FeaturesExtraction_STEP:PROCESS_TransformDatasets (20); status: COMPLETED; exit: 0; error: -; workDir: /aloy/home/ymartins/paprec_2024_revision/paprec_nx_workflow/work/d1/0abef3a1325b7bd269329a53a88cba]
Oct-02 18:38:18.406 [Task submitter] DEBUG n.executor.local.LocalTaskHandler - Launch cmd line: /bin/bash -ue .command.run
Oct-02 18:38:18.407 [Task submitter] INFO  nextflow.Session - [98/03cb2a] Submitted process > FeaturesExtraction_STEP:PROCESS_TransformDatasets (4)
Oct-02 18:40:40.633 [Task monitor] DEBUG n.processor.TaskPollingMonitor - !! executor local > tasks to be completed: 1 -- submitted tasks are shown below
~> TaskHandler[id: 6; name: FeaturesExtraction_STEP:PROCESS_TransformDatasets (4); status: RUNNING; exit: -; error: -; workDir: /aloy/home/ymartins/paprec_2024_revision/paprec_nx_workflow/work/98/03cb2a3dd4e91a6c94a8cc8734f85c]
Oct-02 18:40:55.225 [Task monitor] DEBUG n.processor.TaskPollingMonitor - Task completed > TaskHandler[id: 6; name: FeaturesExtraction_STEP:PROCESS_TransformDatasets (4); status: COMPLETED; exit: 0; error: -; workDir: /aloy/home/ymartins/paprec_2024_revision/paprec_nx_workflow/work/98/03cb2a3dd4e91a6c94a8cc8734f85c]
Oct-02 18:40:55.227 [main] DEBUG nextflow.Session - Session await > all processes finished
Oct-02 18:40:55.326 [Task monitor] DEBUG n.processor.TaskPollingMonitor - <<< barrier arrives (monitor: local) - terminating tasks monitor poll loop
Oct-02 18:40:55.327 [main] DEBUG nextflow.Session - Session await > all barriers passed
Oct-02 18:40:55.337 [main] DEBUG nextflow.util.ThreadPoolManager - Thread pool 'TaskFinalizer' shutdown completed (hard=false)
Oct-02 18:40:55.344 [main] INFO  nextflow.Nextflow - 
Done! Models were trained and evaluated!

Oct-02 18:40:55.350 [main] DEBUG n.trace.WorkflowStatsObserver - Workflow completed > WorkflowStats[succeededCount=26; failedCount=0; ignoredCount=0; cachedCount=0; pendingCount=0; submittedCount=0; runningCount=0; retriesCount=0; abortedCount=0; succeedDuration=7h 56m 1s; failedDuration=0ms; cachedDuration=0ms;loadCpus=0; loadMemory=0; peakRunning=1; peakCpus=5; peakMemory=0; ]
Oct-02 18:40:55.389 [main] DEBUG nextflow.cache.CacheDB - Closing CacheDB done
Oct-02 18:40:55.441 [main] DEBUG nextflow.util.ThreadPoolManager - Thread pool 'FileTransfer' shutdown completed (hard=false)
Oct-02 18:40:55.441 [main] DEBUG nextflow.script.ScriptRunner - > Execution complete -- Goodbye
